GnuCOBOL 3.0-rc1.0      FAKERGEN.cob                                                  Tue Feb 11 22:13:53 2020  Page 0001

LINE    PG/LN  A...B............................................................SEQUENCE

000001        *========================== COB-FAKER ===========================*
000002        * Authors: Brian D Pead
000003        *
000004        * License: MIT
000005        *
000006        * Date        Version  Description
000007        * ----        -------  -----------
000008        * 2020-02-08  1.0      First release
000009        *================================================================*
000010
000011         IDENTIFICATION DIVISION.
000012        *========================
000013
000014         PROGRAM-ID.             FAKERGEN.
000015
000016         ENVIRONMENT DIVISION.
000017        *=====================
000018
000019         CONFIGURATION SECTION.
000020        *----------------------
000021
000022         SOURCE-COMPUTER.
000023             IBM-Z15.
000024        *    IBM-Z15 DEBUGGING MODE.
000025
000026         INPUT-OUTPUT SECTION.
000027        *---------------------
000028
000029         FILE-CONTROL.
000030             SELECT GNRTFILE             ASSIGN 'Data\FAKERGEN Output.txt'
000031                                         ORGANIZATION LINE SEQUENTIAL.
GnuCOBOL 3.0-rc1.0      FAKERGEN.cob                                                  Tue Feb 11 22:13:53 2020  Page 0002

LINE    PG/LN  A...B............................................................SEQUENCE

000032        /
000033         DATA DIVISION.
000034        *==============
000035
000036         FILE SECTION.
000037        *-------------
000038
000039         FD  GNRTFILE.
000040
000041         01  GNRTFILE-REC.
000042             05  G-TAXID-SSN         PIC X(11).
000043             05  FILLER              PIC X(01).
000044             05  G-PERSON.
000045                 10  G-PERSON-PREFIX PIC X(10).
000046                 10  G-PERSON-FIRST-NAME
000047                                     PIC X(25).
000048                 10  G-PERSON-LAST-NAME
000049                                     PIC X(35).
000050                 10  G-PERSON-SUFFIX PIC X(10).
000051             05  G-ADDRESS.
000052                 10  G-ADDRESS-STREET
000053                                     PIC X(35).
000054                 10  G-ADDRESS-CITY  PIC X(25).
000055                 10  G-ADDRESS-STATE PIC X(10).
000056                 10  G-ADDRESS-POSTCODE
000057                                     PIC X(10).
000058             05  FILLER              PIC X(01).
000059             05  G-TELEPHONE.
000060                 10  G-TELEPHONE-AREA-CODE
000061                                     PIC X(03).
000062                 10  FILLER          PIC X(01).
000063                 10  G-TELEPHONE-PREFIX
000064                                     PIC X(03).
000065                 10  FILLER          PIC X(01).
000066                 10  G-TELEPHONE-SUFFIX
000067                                     PIC X(04).
000068                 10  FILLER          PIC X(01).
000069                 10  G-TELEPHONE-EXTENSION
000070                                     PIC X(04).
000071
000072         WORKING-STORAGE SECTION.
000073        *------------------------
000074
000075         01  W-GNRTFILE-RECS         PIC 9(09)  COMP VALUE 0.
000076         01  W-TEST-CNT              PIC 9(09)  COMP.
000077         01  W-DISP-NUM              PIC ZZ,ZZ9.
000078         01  W-FAKER-PROG            PIC X(08)       VALUE 'FAKER'.
000079
000080         01  W-ERROR-MSG             PIC X(21)       VALUE
000081             '**** FAKERGEN error: '.
000082
000083         01  W-SEED-TEXT.
GnuCOBOL 3.0-rc1.0      FAKERGEN.cob                                                  Tue Feb 11 22:13:53 2020  Page 0003

LINE    PG/LN  A...B............................................................SEQUENCE

000084             05  FILLER              PIC X(65)       VALUE
000085                 'Seed text to cause same pseudo-random sequence on each e
000086        -        'xecution '.
000087             05  W-SEED-REC-NO       PIC 9(04).
000088
000089         01  W-COMPILED-DATE.
000090             05  W-COMPILED-DATE-YYYY
000091                                     PIC X(04).
000092             05  W-COMPILED-DATE-MM  PIC X(02).
000093             05  W-COMPILED-DATE-DD  PIC X(02).
000094             05  W-COMPILED-TIME-HH  PIC X(02).
000095             05  W-COMPILED-TIME-MM  PIC X(02).
000096             05  W-COMPILED-TIME-SS  PIC X(02).
000097             05  FILLER              PIC X(07).
000098
000099         01  W-FAKER-PARAMETER.      COPY FAKERLNK.
000001C       *========================== COB-FAKER ===========================*
000002C       * Authors: Brian D Pead
000003C       *
000004C       * License: MIT
000005C       *
000006C       * Date        Version  Description
000007C       * ----        -------  -----------
000008C       * 2020-02-08  1.0      First release
000009C       * 2020-02-11  1.0.1    Add BANK and TELETELEPHONE numbers
000010C       *================================================================*
000011C
000012C       **** Input fields:
000013C       ****     FAKER-PROVIDER-FUNCTION:
000014C       ****         Set appropriate 88 level for  desired function.
000015C       ****     FAKER-SEED-NO:
000016C       ****         If > 0, used to set seed to get same random
000017C       ****         sequence on each call.
000018C       ****     FAKER-SEED-TEXT:
000019C       ****         If FAKER-SEED-NO = 0 and this is not spaces, used to
000020C       ****         set seed to get same random sequence on each call
000021C       ****         (e.g. to get same fake name each time real name is
000022C       ****         being anonymized, move real name to FAKER-SEED-TEXT
000023C       ****         before call).
000024C
000025C            05  FAKER-PROVIDER-FUNCTION
000026C                                    PIC X(30).
000027C                88  ADDRESS-ADDRESS                 VALUE
000028C                                    'ADDRESS-ADDRESS'.
000029C                88  ADDRESS-BUILDING-NO             VALUE
000030C                                    'ADDRESS-BUILDING-NO'.
000031C                88  ADDRESS-CITY                    VALUE
000032C                                    'ADDRESS-CITY'.
000033C                88  ADDRESS-CITY-PREFIX             VALUE
000034C                                    'ADDRESS-CITY-PREFIX'.
000035C                88  ADDRESS-CITY-SUFFIX             VALUE
000036C                                    'ADDRESS-CITY-SUFFIX'.
GnuCOBOL 3.0-rc1.0      FAKERGEN.cob                                                  Tue Feb 11 22:13:53 2020  Page 0004

LINE    PG/LN  A...B............................................................SEQUENCE

000037C                88  ADDRESS-MILITARY-APO            VALUE
000038C                                    'ADDRESS-MILITARY-APO'.
000039C                88  ADDRESS-MILITARY-DPO            VALUE
000040C                                    'ADDRESS-MILITARY-DPO'.
000041C                88  ADDRESS-MILITARY-SHIP-PREFIX    VALUE
000042C                                    'ADDRESS-MILITARY-SHIP-PREFIX'.
000043C                88  ADDRESS-MILITARY-STATE-ABBR     VALUE
000044C                                    'ADDRESS-MILITARY-STATE-ABBR'.
000045C                88  ADDRESS-POSTCODE                VALUE
000046C                                    'ADDRESS-POSTCODE'.
000047C                88  ADDRESS-SECONDARY-ADDRESS       VALUE
000048C                                    'ADDRESS-SECONDARY-ADDRESS'.
000049C                88  ADDRESS-STATE                   VALUE
000050C                                    'ADDRESS-STATE'.
000051C                88  ADDRESS-STATE-ABBR              VALUE
000052C                                    'ADDRESS-STATE-ABBR'.
000053C                88  ADDRESS-STATE-POSTCODE          VALUE
000054C                                    'ADDRESS-STATE-POSTCODE'.
000055C                88  ADDRESS-STREET-ADDRESS          VALUE
000056C                                    'ADDRESS-STREET-ADDRESS'.
000057C                88  ADDRESS-STREET-NAME             VALUE
000058C                                    'ADDRESS-STREET-NAME'.
000059C                88  ADDRESS-STREET-SUFFIX           VALUE
000060C                                    'ADDRESS-STREET-SUFFIX'.
000061C                88  ADDRESS-TERRITORY-ABBR          VALUE
000062C                                    'ADDRESS-TERRITORY-ABBR'.
000063C                88  BANK-ACCOUNT                    VALUE
000064C                                    'BANK-ACCOUNT'.
000065C                88  BANK-ROUTING                    VALUE
000066C                                    'BANK-ROUTING'.
000067C                88  COMPANY-COMPANY                 VALUE
000068C                                    'COMPANY-COMPANY'.
000069C                88  COMPANY-SUFFIX                  VALUE
000070C                                    'COMPANY-SUFFIX'.
000071C                88  PERSON-FIRST-NAME               VALUE
000072C                                    'PERSON-FIRST-NAME'.
000073C                88  PERSON-FIRST-NAME-MALE          VALUE
000074C                                    'PERSON-FIRST-NAME-MALE'.
000075C                88  PERSON-FIRST-NAME-FEMALE        VALUE
000076C                                    'PERSON-FIRST-NAME-FEMALE'.
000077C                88  PERSON-LAST-NAME                VALUE
000078C                                    'PERSON-LAST-NAME'.
000079C                88  PERSON-LAST-NAME-MALE           VALUE
000080C                                    'PERSON-LAST-NAME-MALE'.
000081C                88  PERSON-LAST-NAME-FEMALE         VALUE
000082C                                    'PERSON-LAST-NAME-FEMALE'.
000083C                88  PERSON-NAME                     VALUE
000084C                                    'PERSON-NAME'.
000085C                88  PERSON-NAME-MALE                VALUE
000086C                                    'PERSON-NAME-MALE'.
000087C                88  PERSON-NAME-FEMALE              VALUE
000088C                                    'PERSON-NAME-FEMALE'.
GnuCOBOL 3.0-rc1.0      FAKERGEN.cob                                                  Tue Feb 11 22:13:53 2020  Page 0005

LINE    PG/LN  A...B............................................................SEQUENCE

000089C                88  PERSON-PREFIX                   VALUE
000090C                                    'PERSON-PREFIX'.
000091C                88  PERSON-PREFIX-MALE              VALUE
000092C                                    'PERSON-PREFIX-MALE'.
000093C                88  PERSON-PREFIX-FEMALE            VALUE
000094C                                    'PERSON-PREFIX-FEMALE'.
000095C                88  PERSON-SUFFIX                   VALUE
000096C                                    'PERSON-SUFFIX'.
000097C                88  PERSON-SUFFIX-MALE              VALUE
000098C                                    'PERSON-SUFFIX-MALE'.
000099C                88  PERSON-SUFFIX-FEMALE            VALUE
000100C                                    'PERSON-SUFFIX-FEMALE'.
000101C                88  TAXID-EIN                       VALUE
000102C                                    'TAXID-EIN'.
000103C                88  TAXID-EIN-HYPHEN                VALUE
000104C                                    'TAXID-EIN-HYPHEN'.
000105C                88  TAXID-ITIN                      VALUE
000106C                                    'TAXID-ITIN'.
000107C                88  TAXID-ITIN-HYPHEN               VALUE
000108C                                    'TAXID-ITIN-HYPHEN'.
000109C                88  TAXID-SSN                       VALUE
000110C                                    'TAXID-SSN'.
000111C                88  TAXID-SSN-HYPHEN                VALUE
000112C                                    'TAXID-SSN-HYPHEN'.
000113C                88  TELEPHONE                       VALUE
000114C                                    'TELEPHONE'.
000115C
000116C            05  FAKER-SEED-NO       PIC 9(9)   COMP VALUE 0.
000117C
000118C            05  FAKER-SEED-TEXT     PIC X(80)       VALUE SPACES.
000119C
000120C       **** Output fields:
000121C       ****     FAKER-RESPONSE-CODE
000122C       ****         Use 88 levels to determine result of calls.
000123C       ****     FAKER-RESPONSE-MSG
000124C       ****         Non-space if bad response.
000125C       ****     FAKER-RESULT
000126C       ****         Returned result of the call.
000127C       ****     FAKER-RESULT-FIELDS
000128C       ****         Populated for certain compound results - redefined
000129C       ****         for address and person fields.
000130C       ****     FAKER-INFO-CNT
000131C       ****         Debugging information count.
000132C       ****     FAKER-INFO-OCCS
000133C       ****         Debugging information.
000134C
000135C            05  FAKER-RESPONSE-CODE PIC 9(4).
000136C                88  FAKER-RESPONSE-GOOD             VALUE 0.
000137C                88  FAKER-UNKNOWN-PROVIDER          VALUE 10.
000138C                88  FAKER-UNKNOWN-FUNCTION          VALUE 20.
000139C                88  FAKER-UNKNOWN-FORMAT            VALUE 30.
000140C
GnuCOBOL 3.0-rc1.0      FAKERGEN.cob                                                  Tue Feb 11 22:13:53 2020  Page 0006

LINE    PG/LN  A...B............................................................SEQUENCE

000141C            05  FAKER-RESPONSE-MSG  PIC X(80).
000142C
000143C            05  FAKER-RESULT        PIC X(80).
000144C
000145C            05  FAKER-RESULT-FIELDS PIC X(80).
000146C
000147C       **** These fields are populated only for ADDRESS-ADDRESS calls:
000148C            05  FAKER-ADDRESS REDEFINES FAKER-RESULT-FIELDS.
000149C                10  FAKER-ADDRESS-STREET
000150C                                    PIC X(35).
000151C                10  FAKER-ADDRESS-CITY
000152C                                    PIC X(25).
000153C                10  FAKER-ADDRESS-STATE
000154C                                    PIC X(10).
000155C                10  FAKER-ADDRESS-POSTCODE
000156C                                    PIC X(10).
000157C
000158C       **** These fields are populated only for PERSON-NAME,
000159C       **** PERSON-NAME-MALE and PERSON-NAME-FEMALE calls:
000160C            05  FAKER-PERSON REDEFINES FAKER-RESULT-FIELDS.
000161C                10  FAKER-PERSON-PREFIX
000162C                                    PIC X(10).
000163C                10  FAKER-PERSON-FIRST-NAME
000164C                                    PIC X(25).
000165C                10  FAKER-PERSON-LAST-NAME
000166C                                    PIC X(35).
000167C                10  FAKER-PERSON-SUFFIX
000168C                                    PIC X(10).
000169C
000170C       **** These fields are populated only for TELEPHONE calls:
000171C            05  FAKER-TELEPHONE REDEFINES FAKER-RESULT-FIELDS.
000172C                10  FAKER-TELEPHONE-AREA-CODE
000173C                                    PIC X(03).
000174C                10  FILLER          PIC X(01).
000175C                10  FAKER-TELEPHONE-PREFIX
000176C                                    PIC X(03).
000177C                10  FILLER          PIC X(01).
000178C                10  FAKER-TELEPHONE-SUFFIX
000179C                                    PIC X(04).
000180C                10  FILLER          PIC X(01).
000181C                10  FAKER-TELEPHONE-EXTENSION
000182C                                    PIC X(04).
000183C
000184C            05  FAKER-INFO-CNT      PIC S9(4)  COMP.
000185C
000186C            05  FAKER-INFO-OCCS.
000187C                10  FAKER-INFO                      OCCURS 20
000188C                                                    INDEXED FI-DX
000189C                                                            FI-DX2.
000190C                    15  FAKER-TABLE PIC X(30).
000191C                    15  FAKER-RANDOM-NO-SUB
000192C                                    PIC S9(4)V9(9)
GnuCOBOL 3.0-rc1.0      FAKERGEN.cob                                                  Tue Feb 11 22:13:53 2020  Page 0007

LINE    PG/LN  A...B............................................................SEQUENCE

000193C                                               COMP.
000194C                    15  FAKER-TABLE-ENTRY
000195C                                    PIC S9(4)  COMP.
000196C
GnuCOBOL 3.0-rc1.0      FAKERGEN.cob                                                  Tue Feb 11 22:13:53 2020  Page 0008

LINE    PG/LN  A...B............................................................SEQUENCE

000100        /
000101         PROCEDURE DIVISION.
000102        *===================
000103
000104         MAIN.
000105        *-----
000106
000107             PERFORM SUB-1000-START-UP THRU SUB-1000-EXIT
000108
000109             PERFORM SUB-2000-PROCESS THRU SUB-2000-EXIT
000110                 1000 TIMES
000111
000112             PERFORM SUB-3000-SHUT-DOWN THRU SUB-3000-EXIT
000113             .
000114         MAIN-EXIT.
000115             STOP RUN.
GnuCOBOL 3.0-rc1.0      FAKERGEN.cob                                                  Tue Feb 11 22:13:53 2020  Page 0009

LINE    PG/LN  A...B............................................................SEQUENCE

000116        /
000117         SUB-1000-START-UP.
000118        *------------------
000119
000120             MOVE FUNCTION WHEN-COMPILED
000121                                     TO W-COMPILED-DATE
000122
000123             DISPLAY 'FAKERGEN compiled on '
000124                 W-COMPILED-DATE-YYYY '/'
000125                 W-COMPILED-DATE-MM   '/'
000126                 W-COMPILED-DATE-DD   ' at '
000127                 W-COMPILED-TIME-HH   ':'
000128                 W-COMPILED-TIME-MM   ':'
000129                 W-COMPILED-TIME-SS
000130
000131             OPEN OUTPUT GNRTFILE
000132             .
000133         SUB-1000-EXIT.
000134             EXIT.
GnuCOBOL 3.0-rc1.0      FAKERGEN.cob                                                  Tue Feb 11 22:13:53 2020  Page 0010

LINE    PG/LN  A...B............................................................SEQUENCE

000135        /
000136         SUB-2000-PROCESS.
000137        *-----------------
000138
000139             ADD  1                  TO W-GNRTFILE-RECS
000140             MOVE SPACES             TO GNRTFILE-REC
000141        *     MOVE W-GNRTFILE-RECS          TO FAKER-SEED-NO
000142             MOVE W-GNRTFILE-RECS          TO W-SEED-REC-NO
000143             MOVE W-SEED-TEXT        TO FAKER-SEED-TEXT
000144
000145        **** TAXID:
000146
000147             SET  TAXID-SSN-HYPHEN   TO TRUE
000148
000149             PERFORM SUB-2100-CALL-FAKER THRU SUB-2100-EXIT
000150
000151             IF      FAKER-RESPONSE-GOOD
000152                 MOVE FAKER-RESULT   TO G-TAXID-SSN
000153             ELSE
000154                 MOVE 'ERROR'        TO G-TAXID-SSN
000155             END-IF
000156
000157        **** PERSON:
000158
000159             SET  PERSON-NAME        TO TRUE
000160
000161             PERFORM SUB-2100-CALL-FAKER THRU SUB-2100-EXIT
000162
000163             IF      FAKER-RESPONSE-GOOD
000164                 MOVE FAKER-PERSON-PREFIX
000165                                     TO G-PERSON-PREFIX
000166                 MOVE FAKER-PERSON-FIRST-NAME
000167                                     TO G-PERSON-FIRST-NAME
000168                 MOVE FAKER-PERSON-LAST-NAME
000169                                     TO G-PERSON-LAST-NAME
000170                 MOVE FAKER-PERSON-SUFFIX
000171                                     TO G-PERSON-SUFFIX
000172             ELSE
000173                 MOVE FAKER-RESPONSE-MSG
000174                                     TO G-PERSON
000175             END-IF
000176
000177        **** ADDRESS:
000178
000179             SET  ADDRESS-ADDRESS    TO TRUE
000180
000181             PERFORM SUB-2100-CALL-FAKER THRU SUB-2100-EXIT
000182
000183             IF      FAKER-RESPONSE-GOOD
000184                 MOVE FAKER-ADDRESS-STREET
000185                                     TO G-ADDRESS-STREET
000186                 MOVE FAKER-ADDRESS-CITY
GnuCOBOL 3.0-rc1.0      FAKERGEN.cob                                                  Tue Feb 11 22:13:53 2020  Page 0011

LINE    PG/LN  A...B............................................................SEQUENCE

000187                                     TO G-ADDRESS-CITY
000188                 MOVE FAKER-ADDRESS-STATE
000189                                     TO G-ADDRESS-STATE
000190                 MOVE FAKER-ADDRESS-POSTCODE
000191                                     TO G-ADDRESS-POSTCODE
000192             ELSE
000193                 MOVE FAKER-RESPONSE-MSG
000194                                     TO G-ADDRESS
000195             END-IF
000196
000197        **** TELEPHONE:
000198
000199             SET  TELEPHONE          TO TRUE
000200
000201             PERFORM SUB-2100-CALL-FAKER THRU SUB-2100-EXIT
000202
000203             IF      FAKER-RESPONSE-GOOD
000204                 MOVE FAKER-TELEPHONE-AREA-CODE
000205                                     TO G-TELEPHONE-AREA-CODE
000206                 MOVE FAKER-TELEPHONE-PREFIX
000207                                     TO G-TELEPHONE-PREFIX
000208                 MOVE FAKER-TELEPHONE-SUFFIX
000209                                     TO G-TELEPHONE-SUFFIX
000210                 MOVE FAKER-TELEPHONE-EXTENSION
000211                                     TO G-TELEPHONE-EXTENSION
000212             ELSE
000213                 MOVE FAKER-RESPONSE-MSG
000214                                     TO G-TELEPHONE
000215             END-IF
000216
000217             PERFORM SUB-9100-WRITE-GNRTFILE THRU SUB-9100-EXIT
000218             .
000219         SUB-2000-EXIT.
000220             EXIT.
GnuCOBOL 3.0-rc1.0      FAKERGEN.cob                                                  Tue Feb 11 22:13:53 2020  Page 0012

LINE    PG/LN  A...B............................................................SEQUENCE

000221        /
000222         SUB-2100-CALL-FAKER.
000223        *--------------------
000224
000225             CALL W-FAKER-PROG    USING W-FAKER-PARAMETER
000226
000227             IF      NOT FAKER-RESPONSE-GOOD
000228                 DISPLAY W-ERROR-MSG
000229                         FAKER-RESPONSE-CODE
000230                         ' - '
000231                         FAKER-RESPONSE-MSG
000232             END-IF
000233
000234        D     PERFORM VARYING FI-DX FROM 1 BY 1
000235        D               UNTIL FI-DX > FAKER-INFO-CNT
000236        D         DISPLAY '    INFO: '
000237        D                 FAKER-TABLE(FI-DX)
000238        D                 ': '
000239        D                 FAKER-RANDOM-NO-SUB(FI-DX)
000240        D                 ', '
000241        D                 FAKER-TABLE-ENTRY(FI-DX)
000242        D     END-PERFORM
000243             .
000244         SUB-2100-EXIT.
000245             EXIT.
GnuCOBOL 3.0-rc1.0      FAKERGEN.cob                                                  Tue Feb 11 22:13:53 2020  Page 0013

LINE    PG/LN  A...B............................................................SEQUENCE

000246        /
000247         SUB-3000-SHUT-DOWN.
000248        *-------------------
000249
000250             CLOSE GNRTFILE
000251
000252             MOVE W-GNRTFILE-RECS    TO W-DISP-NUM
000253             DISPLAY 'GNRTFILE records written: '
000254                     W-DISP-NUM
000255
000256             DISPLAY 'FAKERGEN completed'
000257             .
000258         SUB-3000-EXIT.
000259             EXIT.
GnuCOBOL 3.0-rc1.0      FAKERGEN.cob                                                  Tue Feb 11 22:13:53 2020  Page 0014

LINE    PG/LN  A...B............................................................SEQUENCE

000260        /
000261         SUB-9100-WRITE-GNRTFILE.
000262        *------------------------
000263
000264             WRITE GNRTFILE-REC
000265             .
000266         SUB-9100-EXIT.
000267             EXIT.
GnuCOBOL 3.0-rc1.0      FAKERGEN.cob                                                  Tue Feb 11 22:13:53 2020  Page 0015

SIZE  TYPE           LVL  NAME                           PICTURE

00190 FILE                GNRTFILE
00190 GROUP          01   GNRTFILE-REC
00011 ALPHANUMERIC   05   G-TAXID-SSN                    X(11)
00001 ALPHANUMERIC   05   FILLER                         X(01)
00080 GROUP          05   G-PERSON
00010 ALPHANUMERIC   10   G-PERSON-PREFIX                X(10)
00025 ALPHANUMERIC   10   G-PERSON-FIRST-NAME            X(25)
00035 ALPHANUMERIC   10   G-PERSON-LAST-NAME             X(35)
00010 ALPHANUMERIC   10   G-PERSON-SUFFIX                X(10)
00080 GROUP          05   G-ADDRESS
00035 ALPHANUMERIC   10   G-ADDRESS-STREET               X(35)
00025 ALPHANUMERIC   10   G-ADDRESS-CITY                 X(25)
00010 ALPHANUMERIC   10   G-ADDRESS-STATE                X(10)
00010 ALPHANUMERIC   10   G-ADDRESS-POSTCODE             X(10)
00001 ALPHANUMERIC   05   FILLER                         X(01)
00017 GROUP          05   G-TELEPHONE
00003 ALPHANUMERIC   10   G-TELEPHONE-AREA-CODE          X(03)
00001 ALPHANUMERIC   10   FILLER                         X(01)
00003 ALPHANUMERIC   10   G-TELEPHONE-PREFIX             X(03)
00001 ALPHANUMERIC   10   FILLER                         X(01)
00004 ALPHANUMERIC   10   G-TELEPHONE-SUFFIX             X(04)
00001 ALPHANUMERIC   10   FILLER                         X(01)
00004 ALPHANUMERIC   10   G-TELEPHONE-EXTENSION          X(04)

      WORKING-STORAGE SECTION

00004 NUMERIC        01   W-GNRTFILE-RECS                9(09) COMP

00004 NUMERIC        01   W-TEST-CNT                     9(09) COMP

00006 NUMERIC        01   W-DISP-NUM                     ZZ,ZZ9

00008 ALPHANUMERIC   01   W-FAKER-PROG                   X(08)

00021 ALPHANUMERIC   01   W-ERROR-MSG                    X(21)

00069 GROUP          01   W-SEED-TEXT
00065 ALPHANUMERIC   05   FILLER                         X(65)
00004 NUMERIC        05   W-SEED-REC-NO                  9(04)

00021 GROUP          01   W-COMPILED-DATE
00004 ALPHANUMERIC   05   W-COMPILED-DATE-YYYY           X(04)
00002 ALPHANUMERIC   05   W-COMPILED-DATE-MM             X(02)
00002 ALPHANUMERIC   05   W-COMPILED-DATE-DD             X(02)
00002 ALPHANUMERIC   05   W-COMPILED-TIME-HH             X(02)
00002 ALPHANUMERIC   05   W-COMPILED-TIME-MM             X(02)
00002 ALPHANUMERIC   05   W-COMPILED-TIME-SS             X(02)
00007 ALPHANUMERIC   05   FILLER                         X(07)

01160 GROUP          01   W-FAKER-PARAMETER
00030 ALPHANUMERIC   05   FAKER-PROVIDER-FUNCTION        X(30)
GnuCOBOL 3.0-rc1.0      FAKERGEN.cob                                                  Tue Feb 11 22:13:53 2020  Page 0016

SIZE  TYPE           LVL  NAME                           PICTURE

      CONDITIONAL    88   ADDRESS-ADDRESS
      CONDITIONAL    88   ADDRESS-BUILDING-NO
      CONDITIONAL    88   ADDRESS-CITY
      CONDITIONAL    88   ADDRESS-CITY-PREFIX
      CONDITIONAL    88   ADDRESS-CITY-SUFFIX
      CONDITIONAL    88   ADDRESS-MILITARY-APO
      CONDITIONAL    88   ADDRESS-MILITARY-DPO
      CONDITIONAL    88   ADDRESS-MILITARY-SHIP-PREFIX
      CONDITIONAL    88   ADDRESS-MILITARY-STATE-ABBR
      CONDITIONAL    88   ADDRESS-POSTCODE
      CONDITIONAL    88   ADDRESS-SECONDARY-ADDRESS
      CONDITIONAL    88   ADDRESS-STATE
      CONDITIONAL    88   ADDRESS-STATE-ABBR
      CONDITIONAL    88   ADDRESS-STATE-POSTCODE
      CONDITIONAL    88   ADDRESS-STREET-ADDRESS
      CONDITIONAL    88   ADDRESS-STREET-NAME
      CONDITIONAL    88   ADDRESS-STREET-SUFFIX
      CONDITIONAL    88   ADDRESS-TERRITORY-ABBR
      CONDITIONAL    88   BANK-ACCOUNT
      CONDITIONAL    88   BANK-ROUTING
      CONDITIONAL    88   COMPANY-COMPANY
      CONDITIONAL    88   COMPANY-SUFFIX
      CONDITIONAL    88   PERSON-FIRST-NAME
      CONDITIONAL    88   PERSON-FIRST-NAME-MALE
      CONDITIONAL    88   PERSON-FIRST-NAME-FEMALE
      CONDITIONAL    88   PERSON-LAST-NAME
      CONDITIONAL    88   PERSON-LAST-NAME-MALE
      CONDITIONAL    88   PERSON-LAST-NAME-FEMALE
      CONDITIONAL    88   PERSON-NAME
      CONDITIONAL    88   PERSON-NAME-MALE
      CONDITIONAL    88   PERSON-NAME-FEMALE
      CONDITIONAL    88   PERSON-PREFIX
      CONDITIONAL    88   PERSON-PREFIX-MALE
      CONDITIONAL    88   PERSON-PREFIX-FEMALE
      CONDITIONAL    88   PERSON-SUFFIX
      CONDITIONAL    88   PERSON-SUFFIX-MALE
      CONDITIONAL    88   PERSON-SUFFIX-FEMALE
      CONDITIONAL    88   TAXID-EIN
      CONDITIONAL    88   TAXID-EIN-HYPHEN
      CONDITIONAL    88   TAXID-ITIN
      CONDITIONAL    88   TAXID-ITIN-HYPHEN
      CONDITIONAL    88   TAXID-SSN
      CONDITIONAL    88   TAXID-SSN-HYPHEN
      CONDITIONAL    88   TELEPHONE
00004 NUMERIC        05   FAKER-SEED-NO                  9(9) COMP
00080 ALPHANUMERIC   05   FAKER-SEED-TEXT                X(80)
00004 NUMERIC        05   FAKER-RESPONSE-CODE            9(4)
      CONDITIONAL    88   FAKER-RESPONSE-GOOD
      CONDITIONAL    88   FAKER-UNKNOWN-PROVIDER
      CONDITIONAL    88   FAKER-UNKNOWN-FUNCTION
      CONDITIONAL    88   FAKER-UNKNOWN-FORMAT
00080 ALPHANUMERIC   05   FAKER-RESPONSE-MSG             X(80)
GnuCOBOL 3.0-rc1.0      FAKERGEN.cob                                                  Tue Feb 11 22:13:53 2020  Page 0017

SIZE  TYPE           LVL  NAME                           PICTURE

00080 ALPHANUMERIC   05   FAKER-RESULT                   X(80)
00080 ALPHANUMERIC   05   FAKER-RESULT-FIELDS            X(80)
00080 GROUP          05   FAKER-ADDRESS, REDEFINES FAKER-RESULT-FIELDS
00035 ALPHANUMERIC   10   FAKER-ADDRESS-STREET           X(35)
00025 ALPHANUMERIC   10   FAKER-ADDRESS-CITY             X(25)
00010 ALPHANUMERIC   10   FAKER-ADDRESS-STATE            X(10)
00010 ALPHANUMERIC   10   FAKER-ADDRESS-POSTCODE         X(10)
00080 GROUP          05   FAKER-PERSON, REDEFINES FAKER-RESULT-FIELDS
00010 ALPHANUMERIC   10   FAKER-PERSON-PREFIX            X(10)
00025 ALPHANUMERIC   10   FAKER-PERSON-FIRST-NAME        X(25)
00035 ALPHANUMERIC   10   FAKER-PERSON-LAST-NAME         X(35)
00010 ALPHANUMERIC   10   FAKER-PERSON-SUFFIX            X(10)
00017 GROUP          05   FAKER-TELEPHONE, REDEFINES FAKER-RESULT-FIELDS
00003 ALPHANUMERIC   10   FAKER-TELEPHONE-AREA-CODE      X(03)
00001 ALPHANUMERIC   10   FILLER                         X(01)
00003 ALPHANUMERIC   10   FAKER-TELEPHONE-PREFIX         X(03)
00001 ALPHANUMERIC   10   FILLER                         X(01)
00004 ALPHANUMERIC   10   FAKER-TELEPHONE-SUFFIX         X(04)
00001 ALPHANUMERIC   10   FILLER                         X(01)
00004 ALPHANUMERIC   10   FAKER-TELEPHONE-EXTENSION      X(04)
00002 NUMERIC        05   FAKER-INFO-CNT                 S9(4) COMP
00800 GROUP          05   FAKER-INFO-OCCS
00800 GROUP          10   FAKER-INFO                     OCCURS 20
00030 ALPHANUMERIC   15   FAKER-TABLE                    X(30)
00008 NUMERIC        15   FAKER-RANDOM-NO-SUB            S9(4)V9(9) COMP
00002 NUMERIC        15   FAKER-TABLE-ENTRY              S9(4) COMP


0 warnings in compilation group
0 errors in compilation group
