GnuCOBOL 3.0-rc1.0      FAKER.cob                                                     Sun Feb 09 14:56:16 2020  Page 0001

LINE    PG/LN  A...B............................................................SEQUENCE

000001        *========================== COB-FAKER ===========================*
000002        * Authors: Brian D Pead
000003        *
000004        * License: MIT
000005        *
000006        * Date        Version  Description
000007        * ----        -------  -----------
000008        * 2020-02-08  1.0      First release
000009        *================================================================*
000010
000011         IDENTIFICATION DIVISION.
000012        *========================
000013
000014         PROGRAM-ID.             FAKER.
000015
000016         ENVIRONMENT DIVISION.
000017        *=====================
000018
000019         CONFIGURATION SECTION.
000020        *----------------------
000021
000022         SOURCE-COMPUTER.
000023             IBM-Z15.
000024        *    IBM-Z15 DEBUGGING MODE.
000025
000026         INPUT-OUTPUT SECTION.
000027        *---------------------
000028
000029         FILE-CONTROL.
GnuCOBOL 3.0-rc1.0      FAKER.cob                                                     Sun Feb 09 14:56:16 2020  Page 0002

LINE    PG/LN  A...B............................................................SEQUENCE

000030        /
000031         DATA DIVISION.
000032        *==============
000033
000034         FILE SECTION.
000035        *-------------
000036
000037         WORKING-STORAGE SECTION.
000038        *------------------------
000039
000040         01  W-FAKER-PROVIDER        PIC X(12).
000041         01  W-FAKRAND-PROG          PIC X(08)       VALUE 'FAKRAND'.
000042         01  W-FAKADDR-PROG          PIC X(08)       VALUE 'FAKADDR'.
000043         01  W-FAKCOMP-PROG          PIC X(08)       VALUE 'FAKCOMP'.
000044         01  W-FAKPERS-PROG          PIC X(08)       VALUE 'FAKPERS'.
000045         01  W-FAKTXID-PROG          PIC X(08)       VALUE 'FAKTXID'.
000046
000047         01  FILLER                  PIC X(01)       VALUE 'Y'.
000048             88  W-FIRST-CALL                        VALUE 'Y'.
000049             88  W-NOT-FIRST-CALL                    VALUE 'N'.
000050
000051         01  W-COMPILED-DATE.
000052             05  W-COMPILED-DATE-YYYY
000053                                     PIC X(04).
000054             05  W-COMPILED-DATE-MM  PIC X(02).
000055             05  W-COMPILED-DATE-DD  PIC X(02).
000056             05  W-COMPILED-TIME-HH  PIC X(02).
000057             05  W-COMPILED-TIME-MM  PIC X(02).
000058             05  W-COMPILED-TIME-SS  PIC X(02).
000059             05  FILLER              PIC X(07).
000060
000061         01  W-FAKRAND-PARAMETER.    COPY FAKRANDL.
000001C       *========================== COB-FAKER ===========================*
000002C       * Authors: Brian D Pead
000003C       *
000004C       * License: MIT
000005C       *
000006C       * Date        Version  Description
000007C       * ----        -------  -----------
000008C       * 2020-02-08  1.0      First release
000009C       *================================================================*
000010C
000011C            05  FAKRAND-SEED-NO     PIC 9(09)  COMP VALUE 0.
000012C
000013C            05  FAKRAND-SEED-TEXT   PIC X(80)       VALUE SPACES.
000014C
000015C            05  FAKRAND-RANDOM-NO   PIC V9(09) COMP.
GnuCOBOL 3.0-rc1.0      FAKER.cob                                                     Sun Feb 09 14:56:16 2020  Page 0003

LINE    PG/LN  A...B............................................................SEQUENCE

000062        /
000063         LINKAGE SECTION.
000064        *----------------
000065
000066         01  L-PARAMETER.            COPY FAKERLNK.
000001C       *========================== COB-FAKER ===========================*
000002C       * Authors: Brian D Pead
000003C       *
000004C       * License: MIT
000005C       *
000006C       * Date        Version  Description
000007C       * ----        -------  -----------
000008C       * 2020-02-08  1.0      First release
000009C       *================================================================*
000010C
000011C       **** Input fields:
000012C       ****     FAKER-PROVIDER-FUNCTION:
000013C       ****         Set appropriate 88 level for  desired function.
000014C       ****     FAKER-SEED-NO:
000015C       ****         If > 0, used to set seed to get same random
000016C       ****         sequence on each call.
000017C       ****     FAKER-SEED-TEXT:
000018C       ****         If FAKER-SEED-NO = 0 and this is not spaces, used to
000019C       ****         set seed to get same random sequence on each call
000020C       ****         (e.g. to get same fake name each time real name is
000021C       ****         being anonymized, move real name to FAKER-SEED-TEXT
000022C       ****         before call).
000023C
000024C            05  FAKER-PROVIDER-FUNCTION
000025C                                    PIC X(30).
000026C                88  ADDRESS-ADDRESS                 VALUE
000027C                                    'ADDRESS-ADDRESS'.
000028C                88  ADDRESS-BUILDING-NO             VALUE
000029C                                    'ADDRESS-BUILDING-NO'.
000030C                88  ADDRESS-CITY                    VALUE
000031C                                    'ADDRESS-CITY'.
000032C                88  ADDRESS-CITY-PREFIX             VALUE
000033C                                    'ADDRESS-CITY-PREFIX'.
000034C                88  ADDRESS-CITY-SUFFIX             VALUE
000035C                                    'ADDRESS-CITY-SUFFIX'.
000036C                88  ADDRESS-MILITARY-APO            VALUE
000037C                                    'ADDRESS-MILITARY-APO'.
000038C                88  ADDRESS-MILITARY-DPO            VALUE
000039C                                    'ADDRESS-MILITARY-DPO'.
000040C                88  ADDRESS-MILITARY-SHIP-PREFIX    VALUE
000041C                                    'ADDRESS-MILITARY-SHIP-PREFIX'.
000042C                88  ADDRESS-MILITARY-STATE-ABBR     VALUE
000043C                                    'ADDRESS-MILITARY-STATE-ABBR'.
000044C                88  ADDRESS-POSTCODE                VALUE
000045C                                    'ADDRESS-POSTCODE'.
000046C                88  ADDRESS-SECONDARY-ADDRESS       VALUE
000047C                                    'ADDRESS-SECONDARY-ADDRESS'.
GnuCOBOL 3.0-rc1.0      FAKER.cob                                                     Sun Feb 09 14:56:16 2020  Page 0004

LINE    PG/LN  A...B............................................................SEQUENCE

000048C                88  ADDRESS-STATE                   VALUE
000049C                                    'ADDRESS-STATE'.
000050C                88  ADDRESS-STATE-ABBR              VALUE
000051C                                    'ADDRESS-STATE-ABBR'.
000052C                88  ADDRESS-STATE-POSTCODE          VALUE
000053C                                    'ADDRESS-STATE-POSTCODE'.
000054C                88  ADDRESS-STREET-ADDRESS          VALUE
000055C                                    'ADDRESS-STREET-ADDRESS'.
000056C                88  ADDRESS-STREET-NAME             VALUE
000057C                                    'ADDRESS-STREET-NAME'.
000058C                88  ADDRESS-STREET-SUFFIX           VALUE
000059C                                    'ADDRESS-STREET-SUFFIX'.
000060C                88  ADDRESS-TERRITORY-ABBR          VALUE
000061C                                    'ADDRESS-TERRITORY-ABBR'.
000062C                88  COMPANY-COMPANY                 VALUE
000063C                                    'COMPANY-COMPANY'.
000064C                88  COMPANY-SUFFIX                  VALUE
000065C                                    'COMPANY-SUFFIX'.
000066C                88  PERSON-FIRST-NAME               VALUE
000067C                                    'PERSON-FIRST-NAME'.
000068C                88  PERSON-FIRST-NAME-MALE          VALUE
000069C                                    'PERSON-FIRST-NAME-MALE'.
000070C                88  PERSON-FIRST-NAME-FEMALE        VALUE
000071C                                    'PERSON-FIRST-NAME-FEMALE'.
000072C                88  PERSON-LAST-NAME                VALUE
000073C                                    'PERSON-LAST-NAME'.
000074C                88  PERSON-LAST-NAME-MALE           VALUE
000075C                                    'PERSON-LAST-NAME-MALE'.
000076C                88  PERSON-LAST-NAME-FEMALE         VALUE
000077C                                    'PERSON-LAST-NAME-FEMALE'.
000078C                88  PERSON-NAME                     VALUE
000079C                                    'PERSON-NAME'.
000080C                88  PERSON-NAME-MALE                VALUE
000081C                                    'PERSON-NAME-MALE'.
000082C                88  PERSON-NAME-FEMALE              VALUE
000083C                                    'PERSON-NAME-FEMALE'.
000084C                88  PERSON-PREFIX                   VALUE
000085C                                    'PERSON-PREFIX'.
000086C                88  PERSON-PREFIX-MALE              VALUE
000087C                                    'PERSON-PREFIX-MALE'.
000088C                88  PERSON-PREFIX-FEMALE            VALUE
000089C                                    'PERSON-PREFIX-FEMALE'.
000090C                88  PERSON-SUFFIX                   VALUE
000091C                                    'PERSON-SUFFIX'.
000092C                88  PERSON-SUFFIX-MALE              VALUE
000093C                                    'PERSON-SUFFIX-MALE'.
000094C                88  PERSON-SUFFIX-FEMALE            VALUE
000095C                                    'PERSON-SUFFIX-FEMALE'.
000096C                88  TAXID-EIN                       VALUE
000097C                                    'TAXID-EIN'.
000098C                88  TAXID-EIN-HYPHEN                VALUE
000099C                                    'TAXID-EIN-HYPHEN'.
GnuCOBOL 3.0-rc1.0      FAKER.cob                                                     Sun Feb 09 14:56:16 2020  Page 0005

LINE    PG/LN  A...B............................................................SEQUENCE

000100C                88  TAXID-ITIN                      VALUE
000101C                                    'TAXID-ITIN'.
000102C                88  TAXID-ITIN-HYPHEN               VALUE
000103C                                    'TAXID-ITIN-HYPHEN'.
000104C                88  TAXID-SSN                       VALUE
000105C                                    'TAXID-SSN'.
000106C                88  TAXID-SSN-HYPHEN                VALUE
000107C                                    'TAXID-SSN-HYPHEN'.
000108C
000109C            05  FAKER-SEED-NO       PIC 9(9)   COMP VALUE 0.
000110C
000111C            05  FAKER-SEED-TEXT     PIC X(80)       VALUE SPACES.
000112C
000113C       **** Output fields:
000114C       ****     FAKER-RESPONSE-CODE
000115C       ****         Use 88 levels to determine result of calls.
000116C       ****     FAKER-RESPONSE-MSG
000117C       ****         Non-space if bad response.
000118C       ****     FAKER-RESULT
000119C       ****         Returned result of the call.
000120C       ****     FAKER-RESULT-FIELDS
000121C       ****         Populated for certain compound results - redefined
000122C       ****         for address and person fields.
000123C       ****     FAKER-INFO-CNT
000124C       ****         Debugging information count.
000125C       ****     FAKER-INFO-OCCS
000126C       ****         Debugging information.
000127C
000128C            05  FAKER-RESPONSE-CODE PIC 9(4).
000129C                88  FAKER-RESPONSE-GOOD             VALUE 0.
000130C                88  FAKER-UNKNOWN-PROVIDER          VALUE 10.
000131C                88  FAKER-UNKNOWN-FUNCTION          VALUE 20.
000132C                88  FAKER-UNKNOWN-FORMAT            VALUE 30.
000133C
000134C            05  FAKER-RESPONSE-MSG  PIC X(80).
000135C
000136C            05  FAKER-RESULT        PIC X(80).
000137C
000138C            05  FAKER-RESULT-FIELDS PIC X(80).
000139C
000140C       **** These fields are populated only for ADDRESS-ADDRESS calls:
000141C            05  FAKER-ADDRESS REDEFINES FAKER-RESULT-FIELDS.
000142C                10  FAKER-ADDRESS-STREET
000143C                                    PIC X(35).
000144C                10  FAKER-ADDRESS-CITY
000145C                                    PIC X(25).
000146C                10  FAKER-ADDRESS-STATE
000147C                                    PIC X(10).
000148C                10  FAKER-ADDRESS-POSTCODE
000149C                                    PIC X(10).
000150C
000151C       **** These fields are populated only for PERSON-NAME,
GnuCOBOL 3.0-rc1.0      FAKER.cob                                                     Sun Feb 09 14:56:16 2020  Page 0006

LINE    PG/LN  A...B............................................................SEQUENCE

000152C       **** PERSON-NAME-MALE and PERSON-NAME-FEMALE calls:
000153C            05  FAKER-PERSON REDEFINES FAKER-RESULT-FIELDS.
000154C                10  FAKER-PERSON-PREFIX
000155C                                    PIC X(10).
000156C                10  FAKER-PERSON-FIRST-NAME
000157C                                    PIC X(25).
000158C                10  FAKER-PERSON-LAST-NAME
000159C                                    PIC X(35).
000160C                10  FAKER-PERSON-SUFFIX
000161C                                    PIC X(10).
000162C
000163C            05  FAKER-INFO-CNT      PIC S9(4)  COMP.
000164C
000165C            05  FAKER-INFO-OCCS.
000166C                10  FAKER-INFO                      OCCURS 20
000167C                                                    INDEXED FI-DX
000168C                                                            FI-DX2.
000169C                    15  FAKER-TABLE PIC X(30).
000170C                    15  FAKER-RANDOM-NO-SUB
000171C                                    PIC S9(4)V9(9)
000172C                                               COMP.
000173C                    15  FAKER-TABLE-ENTRY
000174C                                    PIC S9(4)  COMP.
000175C
GnuCOBOL 3.0-rc1.0      FAKER.cob                                                     Sun Feb 09 14:56:16 2020  Page 0007

LINE    PG/LN  A...B............................................................SEQUENCE

000067        /
000068         PROCEDURE DIVISION USING L-PARAMETER.
000069        *==================
000070
000071         MAIN.
000072        *-----
000073
000074             PERFORM SUB-1000-START-UP THRU SUB-1000-EXIT
000075
000076             PERFORM SUB-2000-PROCESS THRU SUB-2000-EXIT
000077
000078             PERFORM SUB-3000-SHUT-DOWN THRU SUB-3000-EXIT
000079             .
000080         MAIN-EXIT.
000081             GOBACK.
GnuCOBOL 3.0-rc1.0      FAKER.cob                                                     Sun Feb 09 14:56:16 2020  Page 0008

LINE    PG/LN  A...B............................................................SEQUENCE

000082        /
000083         SUB-1000-START-UP.
000084        *------------------
000085
000086             SET  FAKER-RESPONSE-GOOD
000087                                     TO TRUE
000088             MOVE SPACES             TO FAKER-RESPONSE-MSG
000089                                        FAKER-RESULT
000090                                        FAKER-RESULT-FIELDS
000091             MOVE 0                  TO FAKER-INFO-CNT
000092             MOVE LOW-VALUES         TO FAKER-INFO-OCCS
000093
000094             IF      FAKER-SEED-NO > 0
000095             OR      FAKER-SEED-TEXT NOT = SPACES
000096                 PERFORM SUB-9100-CALL-FAKRAND THRU SUB-9100-EXIT
000097             END-IF
000098
000099             IF      W-NOT-FIRST-CALL
000100                 GO TO SUB-1000-EXIT
000101             END-IF
000102
000103             SET W-NOT-FIRST-CALL    TO TRUE
000104             MOVE FUNCTION WHEN-COMPILED
000105                                     TO W-COMPILED-DATE
000106
000107             DISPLAY 'FAKER    compiled on '
000108                 W-COMPILED-DATE-YYYY '/'
000109                 W-COMPILED-DATE-MM   '/'
000110                 W-COMPILED-DATE-DD   ' at '
000111                 W-COMPILED-TIME-HH   ':'
000112                 W-COMPILED-TIME-MM   ':'
000113                 W-COMPILED-TIME-SS
000114             .
000115         SUB-1000-EXIT.
000116             EXIT.
GnuCOBOL 3.0-rc1.0      FAKER.cob                                                     Sun Feb 09 14:56:16 2020  Page 0009

LINE    PG/LN  A...B............................................................SEQUENCE

000117        /
000118         SUB-2000-PROCESS.
000119        *-----------------
000120
000121             UNSTRING FAKER-PROVIDER-FUNCTION
000122                              DELIMITED '-'
000123                                   INTO W-FAKER-PROVIDER
000124
000125             EVALUATE W-FAKER-PROVIDER
000126               WHEN 'ADDRESS'
000127                 CALL W-FAKADDR-PROG
000128                                  USING L-PARAMETER
000129               WHEN 'COMPANY'
000130                 CALL W-FAKCOMP-PROG
000131                                  USING L-PARAMETER
000132               WHEN 'PERSON'
000133                 CALL W-FAKPERS-PROG
000134                                  USING L-PARAMETER
000135               WHEN 'TAXID'
000136                 CALL W-FAKTXID-PROG
000137                                  USING L-PARAMETER
000138               WHEN OTHER
000139                 SET  FAKER-UNKNOWN-PROVIDER
000140                                     TO TRUE
000141                 STRING 'Unknown FAKER provider "'
000142                         W-FAKER-PROVIDER
000143                         '"'  DELIMITED SIZE
000144                                   INTO FAKER-RESPONSE-MSG
000145             END-EVALUATE
000146             .
000147         SUB-2000-EXIT.
000148             EXIT.
GnuCOBOL 3.0-rc1.0      FAKER.cob                                                     Sun Feb 09 14:56:16 2020  Page 0010

LINE    PG/LN  A...B............................................................SEQUENCE

000149        /
000150         SUB-3000-SHUT-DOWN.
warning: ignoring redundant .
000151        *-------------------
000152
000153        D    IF      FAKER-RESPONSE-GOOD
000154        D        DISPLAY 'FAKER completed successfully'
000155        D    ELSE
000156        D        DISPLAY 'FAKER ended with error '
000157        D                FAKER-RESPONSE-CODE
000158        D                ': '
000159        D                FAKER-RESPONSE-MSG
000160        D    END-IF
000161             .
000162         SUB-3000-EXIT.
000163             EXIT.
GnuCOBOL 3.0-rc1.0      FAKER.cob                                                     Sun Feb 09 14:56:16 2020  Page 0011

LINE    PG/LN  A...B............................................................SEQUENCE

000164        /
000165         SUB-9100-CALL-FAKRAND.
000166        *----------------------
000167
000168             MOVE FAKER-SEED-NO      TO FAKRAND-SEED-NO
000169             MOVE FAKER-SEED-TEXT    TO FAKRAND-SEED-TEXT
000170
000171             CALL W-FAKRAND-PROG  USING W-FAKRAND-PARAMETER
000172
000173             MOVE 0                  TO FAKER-SEED-NO
000174             MOVE SPACES             TO FAKER-SEED-TEXT
000175             .
000176         SUB-9100-EXIT.
000177             EXIT.
GnuCOBOL 3.0-rc1.0      FAKER.cob                                                     Sun Feb 09 14:56:16 2020  Page 0012

SIZE  TYPE           LVL  NAME                           PICTURE

      WORKING-STORAGE SECTION

00012 ALPHANUMERIC   01   W-FAKER-PROVIDER               X(12)

00008 ALPHANUMERIC   01   W-FAKRAND-PROG                 X(08)

00008 ALPHANUMERIC   01   W-FAKADDR-PROG                 X(08)

00008 ALPHANUMERIC   01   W-FAKCOMP-PROG                 X(08)

00008 ALPHANUMERIC   01   W-FAKPERS-PROG                 X(08)

00008 ALPHANUMERIC   01   W-FAKTXID-PROG                 X(08)

00001 ALPHANUMERIC   01   FILLER                         X(01)
      CONDITIONAL    88   W-FIRST-CALL
      CONDITIONAL    88   W-NOT-FIRST-CALL

00021 GROUP          01   W-COMPILED-DATE
00004 ALPHANUMERIC   05   W-COMPILED-DATE-YYYY           X(04)
00002 ALPHANUMERIC   05   W-COMPILED-DATE-MM             X(02)
00002 ALPHANUMERIC   05   W-COMPILED-DATE-DD             X(02)
00002 ALPHANUMERIC   05   W-COMPILED-TIME-HH             X(02)
00002 ALPHANUMERIC   05   W-COMPILED-TIME-MM             X(02)
00002 ALPHANUMERIC   05   W-COMPILED-TIME-SS             X(02)
00007 ALPHANUMERIC   05   FILLER                         X(07)

00088 GROUP          01   W-FAKRAND-PARAMETER
00004 NUMERIC        05   FAKRAND-SEED-NO                9(09) COMP
00080 ALPHANUMERIC   05   FAKRAND-SEED-TEXT              X(80)
00004 NUMERIC        05   FAKRAND-RANDOM-NO              V9(09) COMP

      LINKAGE SECTION

01160 GROUP          01   L-PARAMETER
00030 ALPHANUMERIC   05   FAKER-PROVIDER-FUNCTION        X(30)
      CONDITIONAL    88   ADDRESS-ADDRESS
      CONDITIONAL    88   ADDRESS-BUILDING-NO
      CONDITIONAL    88   ADDRESS-CITY
      CONDITIONAL    88   ADDRESS-CITY-PREFIX
      CONDITIONAL    88   ADDRESS-CITY-SUFFIX
      CONDITIONAL    88   ADDRESS-MILITARY-APO
      CONDITIONAL    88   ADDRESS-MILITARY-DPO
      CONDITIONAL    88   ADDRESS-MILITARY-SHIP-PREFIX
      CONDITIONAL    88   ADDRESS-MILITARY-STATE-ABBR
      CONDITIONAL    88   ADDRESS-POSTCODE
      CONDITIONAL    88   ADDRESS-SECONDARY-ADDRESS
      CONDITIONAL    88   ADDRESS-STATE
      CONDITIONAL    88   ADDRESS-STATE-ABBR
      CONDITIONAL    88   ADDRESS-STATE-POSTCODE
      CONDITIONAL    88   ADDRESS-STREET-ADDRESS
GnuCOBOL 3.0-rc1.0      FAKER.cob                                                     Sun Feb 09 14:56:16 2020  Page 0013

SIZE  TYPE           LVL  NAME                           PICTURE

      CONDITIONAL    88   ADDRESS-STREET-NAME
      CONDITIONAL    88   ADDRESS-STREET-SUFFIX
      CONDITIONAL    88   ADDRESS-TERRITORY-ABBR
      CONDITIONAL    88   COMPANY-COMPANY
      CONDITIONAL    88   COMPANY-SUFFIX
      CONDITIONAL    88   PERSON-FIRST-NAME
      CONDITIONAL    88   PERSON-FIRST-NAME-MALE
      CONDITIONAL    88   PERSON-FIRST-NAME-FEMALE
      CONDITIONAL    88   PERSON-LAST-NAME
      CONDITIONAL    88   PERSON-LAST-NAME-MALE
      CONDITIONAL    88   PERSON-LAST-NAME-FEMALE
      CONDITIONAL    88   PERSON-NAME
      CONDITIONAL    88   PERSON-NAME-MALE
      CONDITIONAL    88   PERSON-NAME-FEMALE
      CONDITIONAL    88   PERSON-PREFIX
      CONDITIONAL    88   PERSON-PREFIX-MALE
      CONDITIONAL    88   PERSON-PREFIX-FEMALE
      CONDITIONAL    88   PERSON-SUFFIX
      CONDITIONAL    88   PERSON-SUFFIX-MALE
      CONDITIONAL    88   PERSON-SUFFIX-FEMALE
      CONDITIONAL    88   TAXID-EIN
      CONDITIONAL    88   TAXID-EIN-HYPHEN
      CONDITIONAL    88   TAXID-ITIN
      CONDITIONAL    88   TAXID-ITIN-HYPHEN
      CONDITIONAL    88   TAXID-SSN
      CONDITIONAL    88   TAXID-SSN-HYPHEN
00004 NUMERIC        05   FAKER-SEED-NO                  9(9) COMP
00080 ALPHANUMERIC   05   FAKER-SEED-TEXT                X(80)
00004 NUMERIC        05   FAKER-RESPONSE-CODE            9(4)
      CONDITIONAL    88   FAKER-RESPONSE-GOOD
      CONDITIONAL    88   FAKER-UNKNOWN-PROVIDER
      CONDITIONAL    88   FAKER-UNKNOWN-FUNCTION
      CONDITIONAL    88   FAKER-UNKNOWN-FORMAT
00080 ALPHANUMERIC   05   FAKER-RESPONSE-MSG             X(80)
00080 ALPHANUMERIC   05   FAKER-RESULT                   X(80)
00080 ALPHANUMERIC   05   FAKER-RESULT-FIELDS            X(80)
00080 GROUP          05   FAKER-ADDRESS, REDEFINES FAKER-RESULT-FIELDS
00035 ALPHANUMERIC   10   FAKER-ADDRESS-STREET           X(35)
00025 ALPHANUMERIC   10   FAKER-ADDRESS-CITY             X(25)
00010 ALPHANUMERIC   10   FAKER-ADDRESS-STATE            X(10)
00010 ALPHANUMERIC   10   FAKER-ADDRESS-POSTCODE         X(10)
00080 GROUP          05   FAKER-PERSON, REDEFINES FAKER-RESULT-FIELDS
00010 ALPHANUMERIC   10   FAKER-PERSON-PREFIX            X(10)
00025 ALPHANUMERIC   10   FAKER-PERSON-FIRST-NAME        X(25)
00035 ALPHANUMERIC   10   FAKER-PERSON-LAST-NAME         X(35)
00010 ALPHANUMERIC   10   FAKER-PERSON-SUFFIX            X(10)
00002 NUMERIC        05   FAKER-INFO-CNT                 S9(4) COMP
00800 GROUP          05   FAKER-INFO-OCCS
00800 GROUP          10   FAKER-INFO                     OCCURS 20
00030 ALPHANUMERIC   15   FAKER-TABLE                    X(30)
00008 NUMERIC        15   FAKER-RANDOM-NO-SUB            S9(4)V9(9) COMP
00002 NUMERIC        15   FAKER-TABLE-ENTRY              S9(4) COMP
GnuCOBOL 3.0-rc1.0      FAKER.cob                                                     Sun Feb 09 14:56:16 2020  Page 0014

Error/Warning summary:

FAKER.cob:150: warning: ignoring redundant .

1 warning in compilation group
0 errors in compilation group
