GnuCOBOL 3.0-rc1.0      FAKPHON.cob                                                   Tue Feb 11 17:05:01 2020  Page 0001

LINE    PG/LN  A...B............................................................SEQUENCE

000001        *========================== COB-FAKER ===========================*
000002        * Authors: Brian D Pead
000003        *
000004        * License: MIT
000005        *
000006        * Date        Version  Description
000007        * ----        -------  -----------
000008        * 2020-02-11  1.0.1    Add TELEPHONE numbers
000009        *================================================================*
000010
000011         IDENTIFICATION DIVISION.
000012        *========================
000013
000014         PROGRAM-ID.             FAKPHON.
000015
000016         ENVIRONMENT DIVISION.
000017        *=====================
000018
000019         CONFIGURATION SECTION.
000020        *----------------------
000021
000022         SOURCE-COMPUTER.
000023             IBM-Z15.
000024        *    IBM-Z15 DEBUGGING MODE.
000025
000026         INPUT-OUTPUT SECTION.
000027        *---------------------
000028
000029         FILE-CONTROL.
GnuCOBOL 3.0-rc1.0      FAKPHON.cob                                                   Tue Feb 11 17:05:01 2020  Page 0002

LINE    PG/LN  A...B............................................................SEQUENCE

000030        /
000031         DATA DIVISION.
000032        *==============
000033
000034         FILE SECTION.
000035        *-------------
000036
000037         WORKING-STORAGE SECTION.
000038        *------------------------
000039
000040         COPY FAKERWS1.
000001C       *========================== COB-FAKER ===========================*
000002C       * Authors: Brian D Pead
000003C       *
000004C       * License: MIT
000005C       *
000006C       * Date        Version  Description
000007C       * ----        -------  -----------
000008C       * 2020-02-08  1.0      First release
000009C       *================================================================*
000010C
000011C        01  W-FOUND-DX              PIC S9(4)  COMP.
000012C        01  W-RANDOM-NO             PIC S9(4)V9(9)
000013C                                               COMP.
000014C        01  W-RANDOM-SUB            PIC S9(4)  COMP.
000015C        01  W-SUB-1                 PIC S9(4)  COMP.
000016C        01  W-SUB-1-SAVE            PIC S9(4)  COMP.
000017C        01  W-SUB-2                 PIC S9(4)  COMP.
000018C        01  W-SUB-D                 PIC S9(4)  COMP.
000019C        01  W-DIGIT-CNT             PIC S9(4)  COMP.
000020C        01  W-RANDOM-DIG            PIC 9.
000021C        01  W-TABLE-1               PIC X(30).
000022C        01  W-TABLE-2               PIC X(30)       VALUE SPACES.
000023C        01  W-FAKER-RESULT          PIC X(80).
000024C        01  W-FAKER-FORMAT          PIC X(80).
000025C        01  W-FORMAT-START          PIC X           VALUE '{'.
000026C        01  W-FORMAT-END            PIC X           VALUE '}'.
000027C
000028C        01  FILLER                  PIC X(01)       VALUE 'Y'.
000029C            88  W-FIRST-CALL                        VALUE 'Y'.
000030C            88  W-NOT-FIRST-CALL                    VALUE 'N'.
000031C
000032C        01  W-COMPILED-DATE.
000033C            05  W-COMPILED-DATE-YYYY
000034C                                    PIC X(04).
000035C            05  W-COMPILED-DATE-MM  PIC X(02).
000036C            05  W-COMPILED-DATE-DD  PIC X(02).
000037C            05  W-COMPILED-TIME-HH  PIC X(02).
000038C            05  W-COMPILED-TIME-MM  PIC X(02).
000039C            05  W-COMPILED-TIME-SS  PIC X(02).
000040C            05  FILLER              PIC X(07).
000041C
GnuCOBOL 3.0-rc1.0      FAKPHON.cob                                                   Tue Feb 11 17:05:01 2020  Page 0003

LINE    PG/LN  A...B............................................................SEQUENCE

000042C        01  W-RECURSED-FORMAT.
000043C            05  W-RECURSED-FORMAT-CHAR
000044C                                    PIC X           OCCURS 80
000045C                                                    INDEXED W-RF-DX.
000046C        01  W-RECURSED-FORMAT-REST  PIC X(80).
000041
000042         01  W-POINTER               PIC S9(4)  COMP.
000043         01  W-HASH                  PIC X(01)       VALUE '#'.
000044         01  W-PERCENT               PIC X(01)       VALUE '%'.
000045         01  W-FAKRAND-PROG          PIC X(8)        VALUE 'FAKRAND'.
000046
000047         01  W-FAKRAND-PARAMETER.    COPY FAKRANDL.
000001C       *========================== COB-FAKER ===========================*
000002C       * Authors: Brian D Pead
000003C       *
000004C       * License: MIT
000005C       *
000006C       * Date        Version  Description
000007C       * ----        -------  -----------
000008C       * 2020-02-08  1.0      First release
000009C       *================================================================*
000010C
000011C            05  FAKRAND-SEED-NO     PIC 9(09)  COMP VALUE 0.
000012C
000013C            05  FAKRAND-SEED-TEXT   PIC X(80)       VALUE SPACES.
000014C
000015C            05  FAKRAND-RANDOM-NO   PIC V9(09) COMP.
000048
000049         COPY FAKPHONW.
000001C       *========================== COB-FAKER ===========================*
000002C       * Authors: Brian D Pead
000003C       *
000004C       * License: MIT
000005C       *
000006C       * Date        Version  Description
000007C       * ----        -------  -----------
000008C       * 2020-02-11  1.0.1    Add TELETELEPHONE numbers
000009C       *================================================================*
000010C
000011C        01  TELEPHONE-NUMBER-FORMATS.
000012C            05  TELEPHONE-NUMBER-FORMAT-CNT
000013C                                    PIC S9(4)  COMP VALUE 8.
000014C            05  TELEPHONE-NUMBER-FORMAT-OCCS.
000015C       ****     Standard 10-digit TELEPHONE number formats:
000016C                10  FILLER          PIC X(20)       VALUE
000017C                                                  '%##-%##-####'.
000018C                10  FILLER          PIC X(20)       VALUE
000019C                                                  '%##-%##-####'.
000020C       ****     Optional 10-digit local TELEPHONE number format
000021C                10  FILLER          PIC X(20)       VALUE
000022C                                                  '(%##)%##-####'.
000023C                10  FILLER          PIC X(20)       VALUE
GnuCOBOL 3.0-rc1.0      FAKPHON.cob                                                   Tue Feb 11 17:05:01 2020  Page 0004

LINE    PG/LN  A...B............................................................SEQUENCE

000024C                                                  '(%##)%##-####'.
000025C       ****     Standard 10-digit TELEPHONE number format with extensions:
000026C                10  FILLER          PIC X(20)       VALUE
000027C                                                  '%##-%##-#### X%##'.
000028C                10  FILLER          PIC X(20)       VALUE
000029C                                                  '%##-%##-#### X%###'.
000030C       ****     Optional 10-digit local TELEPHONE number format with ext:
000031C                10  FILLER          PIC X(20)       VALUE
000032C                                                  '(%##)%##-#### X%##'.
000033C                10  FILLER          PIC X(20)       VALUE
000034C                                                  '(%##)%##-#### X%###'.
000035C            05  FILLER REDEFINES TELEPHONE-NUMBER-FORMAT-OCCS.
000036C                10  FILLER                          OCCURS 8
000037C                                                    INDEXED PN-DX.
000038C                    15  TELEPHONE-NUMBER-FORMAT
000039C                                    PIC X(20).
GnuCOBOL 3.0-rc1.0      FAKPHON.cob                                                   Tue Feb 11 17:05:01 2020  Page 0005

LINE    PG/LN  A...B............................................................SEQUENCE

000050        /
000051         LINKAGE SECTION.
000052        *----------------
000053
000054         01  L-PARAMETER.            COPY FAKERLNK.
000001C       *========================== COB-FAKER ===========================*
000002C       * Authors: Brian D Pead
000003C       *
000004C       * License: MIT
000005C       *
000006C       * Date        Version  Description
000007C       * ----        -------  -----------
000008C       * 2020-02-08  1.0      First release
000009C       * 2020-02-11  1.0.1    Add BANK and TELETELEPHONE numbers
000010C       *================================================================*
000011C
000012C       **** Input fields:
000013C       ****     FAKER-PROVIDER-FUNCTION:
000014C       ****         Set appropriate 88 level for  desired function.
000015C       ****     FAKER-SEED-NO:
000016C       ****         If > 0, used to set seed to get same random
000017C       ****         sequence on each call.
000018C       ****     FAKER-SEED-TEXT:
000019C       ****         If FAKER-SEED-NO = 0 and this is not spaces, used to
000020C       ****         set seed to get same random sequence on each call
000021C       ****         (e.g. to get same fake name each time real name is
000022C       ****         being anonymized, move real name to FAKER-SEED-TEXT
000023C       ****         before call).
000024C
000025C            05  FAKER-PROVIDER-FUNCTION
000026C                                    PIC X(30).
000027C                88  ADDRESS-ADDRESS                 VALUE
000028C                                    'ADDRESS-ADDRESS'.
000029C                88  ADDRESS-BUILDING-NO             VALUE
000030C                                    'ADDRESS-BUILDING-NO'.
000031C                88  ADDRESS-CITY                    VALUE
000032C                                    'ADDRESS-CITY'.
000033C                88  ADDRESS-CITY-PREFIX             VALUE
000034C                                    'ADDRESS-CITY-PREFIX'.
000035C                88  ADDRESS-CITY-SUFFIX             VALUE
000036C                                    'ADDRESS-CITY-SUFFIX'.
000037C                88  ADDRESS-MILITARY-APO            VALUE
000038C                                    'ADDRESS-MILITARY-APO'.
000039C                88  ADDRESS-MILITARY-DPO            VALUE
000040C                                    'ADDRESS-MILITARY-DPO'.
000041C                88  ADDRESS-MILITARY-SHIP-PREFIX    VALUE
000042C                                    'ADDRESS-MILITARY-SHIP-PREFIX'.
000043C                88  ADDRESS-MILITARY-STATE-ABBR     VALUE
000044C                                    'ADDRESS-MILITARY-STATE-ABBR'.
000045C                88  ADDRESS-POSTCODE                VALUE
000046C                                    'ADDRESS-POSTCODE'.
000047C                88  ADDRESS-SECONDARY-ADDRESS       VALUE
GnuCOBOL 3.0-rc1.0      FAKPHON.cob                                                   Tue Feb 11 17:05:01 2020  Page 0006

LINE    PG/LN  A...B............................................................SEQUENCE

000048C                                    'ADDRESS-SECONDARY-ADDRESS'.
000049C                88  ADDRESS-STATE                   VALUE
000050C                                    'ADDRESS-STATE'.
000051C                88  ADDRESS-STATE-ABBR              VALUE
000052C                                    'ADDRESS-STATE-ABBR'.
000053C                88  ADDRESS-STATE-POSTCODE          VALUE
000054C                                    'ADDRESS-STATE-POSTCODE'.
000055C                88  ADDRESS-STREET-ADDRESS          VALUE
000056C                                    'ADDRESS-STREET-ADDRESS'.
000057C                88  ADDRESS-STREET-NAME             VALUE
000058C                                    'ADDRESS-STREET-NAME'.
000059C                88  ADDRESS-STREET-SUFFIX           VALUE
000060C                                    'ADDRESS-STREET-SUFFIX'.
000061C                88  ADDRESS-TERRITORY-ABBR          VALUE
000062C                                    'ADDRESS-TERRITORY-ABBR'.
000063C                88  BANK-ACCOUNT                    VALUE
000064C                                    'BANK-ACCOUNT'.
000065C                88  BANK-ROUTING                    VALUE
000066C                                    'BANK-ROUTING'.
000067C                88  COMPANY-COMPANY                 VALUE
000068C                                    'COMPANY-COMPANY'.
000069C                88  COMPANY-SUFFIX                  VALUE
000070C                                    'COMPANY-SUFFIX'.
000071C                88  PERSON-FIRST-NAME               VALUE
000072C                                    'PERSON-FIRST-NAME'.
000073C                88  PERSON-FIRST-NAME-MALE          VALUE
000074C                                    'PERSON-FIRST-NAME-MALE'.
000075C                88  PERSON-FIRST-NAME-FEMALE        VALUE
000076C                                    'PERSON-FIRST-NAME-FEMALE'.
000077C                88  PERSON-LAST-NAME                VALUE
000078C                                    'PERSON-LAST-NAME'.
000079C                88  PERSON-LAST-NAME-MALE           VALUE
000080C                                    'PERSON-LAST-NAME-MALE'.
000081C                88  PERSON-LAST-NAME-FEMALE         VALUE
000082C                                    'PERSON-LAST-NAME-FEMALE'.
000083C                88  PERSON-NAME                     VALUE
000084C                                    'PERSON-NAME'.
000085C                88  PERSON-NAME-MALE                VALUE
000086C                                    'PERSON-NAME-MALE'.
000087C                88  PERSON-NAME-FEMALE              VALUE
000088C                                    'PERSON-NAME-FEMALE'.
000089C                88  PERSON-PREFIX                   VALUE
000090C                                    'PERSON-PREFIX'.
000091C                88  PERSON-PREFIX-MALE              VALUE
000092C                                    'PERSON-PREFIX-MALE'.
000093C                88  PERSON-PREFIX-FEMALE            VALUE
000094C                                    'PERSON-PREFIX-FEMALE'.
000095C                88  PERSON-SUFFIX                   VALUE
000096C                                    'PERSON-SUFFIX'.
000097C                88  PERSON-SUFFIX-MALE              VALUE
000098C                                    'PERSON-SUFFIX-MALE'.
000099C                88  PERSON-SUFFIX-FEMALE            VALUE
GnuCOBOL 3.0-rc1.0      FAKPHON.cob                                                   Tue Feb 11 17:05:01 2020  Page 0007

LINE    PG/LN  A...B............................................................SEQUENCE

000100C                                    'PERSON-SUFFIX-FEMALE'.
000101C                88  TAXID-EIN                       VALUE
000102C                                    'TAXID-EIN'.
000103C                88  TAXID-EIN-HYPHEN                VALUE
000104C                                    'TAXID-EIN-HYPHEN'.
000105C                88  TAXID-ITIN                      VALUE
000106C                                    'TAXID-ITIN'.
000107C                88  TAXID-ITIN-HYPHEN               VALUE
000108C                                    'TAXID-ITIN-HYPHEN'.
000109C                88  TAXID-SSN                       VALUE
000110C                                    'TAXID-SSN'.
000111C                88  TAXID-SSN-HYPHEN                VALUE
000112C                                    'TAXID-SSN-HYPHEN'.
000113C                88  TELEPHONE                       VALUE
000114C                                    'TELEPHONE'.
000115C
000116C            05  FAKER-SEED-NO       PIC 9(9)   COMP VALUE 0.
000117C
000118C            05  FAKER-SEED-TEXT     PIC X(80)       VALUE SPACES.
000119C
000120C       **** Output fields:
000121C       ****     FAKER-RESPONSE-CODE
000122C       ****         Use 88 levels to determine result of calls.
000123C       ****     FAKER-RESPONSE-MSG
000124C       ****         Non-space if bad response.
000125C       ****     FAKER-RESULT
000126C       ****         Returned result of the call.
000127C       ****     FAKER-RESULT-FIELDS
000128C       ****         Populated for certain compound results - redefined
000129C       ****         for address and person fields.
000130C       ****     FAKER-INFO-CNT
000131C       ****         Debugging information count.
000132C       ****     FAKER-INFO-OCCS
000133C       ****         Debugging information.
000134C
000135C            05  FAKER-RESPONSE-CODE PIC 9(4).
000136C                88  FAKER-RESPONSE-GOOD             VALUE 0.
000137C                88  FAKER-UNKNOWN-PROVIDER          VALUE 10.
000138C                88  FAKER-UNKNOWN-FUNCTION          VALUE 20.
000139C                88  FAKER-UNKNOWN-FORMAT            VALUE 30.
000140C
000141C            05  FAKER-RESPONSE-MSG  PIC X(80).
000142C
000143C            05  FAKER-RESULT        PIC X(80).
000144C
000145C            05  FAKER-RESULT-FIELDS PIC X(80).
000146C
000147C       **** These fields are populated only for ADDRESS-ADDRESS calls:
000148C            05  FAKER-ADDRESS REDEFINES FAKER-RESULT-FIELDS.
000149C                10  FAKER-ADDRESS-STREET
000150C                                    PIC X(35).
000151C                10  FAKER-ADDRESS-CITY
GnuCOBOL 3.0-rc1.0      FAKPHON.cob                                                   Tue Feb 11 17:05:01 2020  Page 0008

LINE    PG/LN  A...B............................................................SEQUENCE

000152C                                    PIC X(25).
000153C                10  FAKER-ADDRESS-STATE
000154C                                    PIC X(10).
000155C                10  FAKER-ADDRESS-POSTCODE
000156C                                    PIC X(10).
000157C
000158C       **** These fields are populated only for PERSON-NAME,
000159C       **** PERSON-NAME-MALE and PERSON-NAME-FEMALE calls:
000160C            05  FAKER-PERSON REDEFINES FAKER-RESULT-FIELDS.
000161C                10  FAKER-PERSON-PREFIX
000162C                                    PIC X(10).
000163C                10  FAKER-PERSON-FIRST-NAME
000164C                                    PIC X(25).
000165C                10  FAKER-PERSON-LAST-NAME
000166C                                    PIC X(35).
000167C                10  FAKER-PERSON-SUFFIX
000168C                                    PIC X(10).
000169C
000170C       **** These fields are populated only for TELEPHONE calls:
000171C            05  FAKER-TELEPHONE REDEFINES FAKER-RESULT-FIELDS.
000172C                10  FAKER-TELEPHONE-AREA-CODE
000173C                                    PIC X(03).
000174C                10  FILLER          PIC X(01).
000175C                10  FAKER-TELEPHONE-PREFIX
000176C                                    PIC X(03).
000177C                10  FILLER          PIC X(01).
000178C                10  FAKER-TELEPHONE-SUFFIX
000179C                                    PIC X(04).
000180C                10  FILLER          PIC X(01).
000181C                10  FAKER-TELEPHONE-EXTENSION
000182C                                    PIC X(04).
000183C
000184C            05  FAKER-INFO-CNT      PIC S9(4)  COMP.
000185C
000186C            05  FAKER-INFO-OCCS.
000187C                10  FAKER-INFO                      OCCURS 20
000188C                                                    INDEXED FI-DX
000189C                                                            FI-DX2.
000190C                    15  FAKER-TABLE PIC X(30).
000191C                    15  FAKER-RANDOM-NO-SUB
000192C                                    PIC S9(4)V9(9)
000193C                                               COMP.
000194C                    15  FAKER-TABLE-ENTRY
000195C                                    PIC S9(4)  COMP.
000196C
GnuCOBOL 3.0-rc1.0      FAKPHON.cob                                                   Tue Feb 11 17:05:01 2020  Page 0009

LINE    PG/LN  A...B............................................................SEQUENCE

000055        /
000056         PROCEDURE DIVISION USING L-PARAMETER.
000057        *==================
000058
000059         MAIN.
000060        *-----
000061
000062             PERFORM SUB-1000-START-UP THRU SUB-1000-EXIT
000063
000064             PERFORM SUB-2000-PROCESS THRU SUB-2000-EXIT
000065
000066             PERFORM SUB-3000-SHUT-DOWN THRU SUB-3000-EXIT
000067             .
000068         MAIN-EXIT.
000069             GOBACK.
GnuCOBOL 3.0-rc1.0      FAKPHON.cob                                                   Tue Feb 11 17:05:01 2020  Page 0010

LINE    PG/LN  A...B............................................................SEQUENCE

000070        /
000071         SUB-1000-START-UP.
000072        *------------------
000073
000074             IF      W-NOT-FIRST-CALL
000075                 GO TO SUB-1000-EXIT
000076             END-IF
000077
000078             SET W-NOT-FIRST-CALL    TO TRUE
000079             MOVE FUNCTION WHEN-COMPILED
000080                                     TO W-COMPILED-DATE
000081
000082             DISPLAY 'FAKPHON  compiled on '
000083                 W-COMPILED-DATE-YYYY '/'
000084                 W-COMPILED-DATE-MM   '/'
000085                 W-COMPILED-DATE-DD   ' at '
000086                 W-COMPILED-TIME-HH   ':'
000087                 W-COMPILED-TIME-MM   ':'
000088                 W-COMPILED-TIME-SS
000089             .
000090         SUB-1000-EXIT.
000091             EXIT.
GnuCOBOL 3.0-rc1.0      FAKPHON.cob                                                   Tue Feb 11 17:05:01 2020  Page 0011

LINE    PG/LN  A...B............................................................SEQUENCE

000092        /
000093         SUB-2000-PROCESS.
000094        *-----------------
000095
000096             MOVE 0                  TO FAKER-INFO-CNT
000097             SET  FI-DX              TO FAKER-INFO-CNT
000098             MOVE LOW-VALUES         TO FAKER-INFO-OCCS
000099
000100             PERFORM SUB-9010-TELEPHONE THRU SUB-9010-EXIT
000101
000102             SET  FAKER-INFO-CNT     TO FI-DX
000103
000104             MOVE W-FAKER-RESULT     TO FAKER-RESULT
000105
000106             PERFORM SUB-2100-SEPARATE-FIELDS THRU SUB-2100-EXIT
000107             .
000108         SUB-2000-EXIT.
000109             EXIT.
GnuCOBOL 3.0-rc1.0      FAKPHON.cob                                                   Tue Feb 11 17:05:01 2020  Page 0012

LINE    PG/LN  A...B............................................................SEQUENCE

000110        /
000111         SUB-2100-SEPARATE-FIELDS.
000112        *-------------------------
000113
000114             IF      FAKER-RESULT(1 : 1) = '('
000115                 MOVE 2              TO W-POINTER
000116             ELSE
000117                 MOVE 1              TO W-POINTER
000118             END-IF
000119
000120             UNSTRING FAKER-RESULT
000121                              DELIMITED ')' OR '-' OR ' X'
000122                                   INTO FAKER-TELEPHONE-AREA-CODE
000123                                        FAKER-TELEPHONE-PREFIX
000124                                        FAKER-TELEPHONE-SUFFIX
000125                                        FAKER-TELEPHONE-EXTENSION
000126                                POINTER W-POINTER
000127             .
000128         SUB-2100-EXIT.
000129             EXIT.
GnuCOBOL 3.0-rc1.0      FAKPHON.cob                                                   Tue Feb 11 17:05:01 2020  Page 0013

LINE    PG/LN  A...B............................................................SEQUENCE

000130        /
000131         SUB-3000-SHUT-DOWN.
warning: ignoring redundant .
000132        *-------------------
000133
000134        D    IF      FAKER-RESPONSE-GOOD
000135        D        DISPLAY 'FAKPHON completed successfully'
000136        D    ELSE
000137        D        DISPLAY 'FAKPHON ended with error '
000138        D                FAKER-RESPONSE-CODE
000139        D                ': '
000140        D                FAKER-RESPONSE-MSG
000141        D    END-IF
000142             .
000143         SUB-3000-EXIT.
000144             EXIT.
GnuCOBOL 3.0-rc1.0      FAKPHON.cob                                                   Tue Feb 11 17:05:01 2020  Page 0014

LINE    PG/LN  A...B............................................................SEQUENCE

000145        /
000146         SUB-9010-TELEPHONE.
000147        *---------------
000148
000149             PERFORM SUB-9901-CALL-FAKRAND THRU SUB-9901-EXIT
000150
000151             COMPUTE W-RANDOM-SUB    =  FAKRAND-RANDOM-NO
000152                                        * TELEPHONE-NUMBER-FORMAT-CNT
000153                                        + 1
000154
000155             SET  FI-DX           UP BY 1
000156             MOVE 'TELEPHONE'        TO FAKER-TABLE(FI-DX)
000157             MOVE FAKRAND-RANDOM-NO  TO FAKER-RANDOM-NO-SUB(FI-DX)
000158             MOVE W-RANDOM-SUB       TO FAKER-TABLE-ENTRY(FI-DX)
000159
000160             MOVE TELEPHONE-NUMBER-FORMAT(W-RANDOM-SUB)
000161                                     TO W-FAKER-RESULT
000162
000163             PERFORM SUB-9810-REPLACE-DIGIT THRU SUB-9810-EXIT
000164                 VARYING W-SUB-D FROM 1 BY 1
000165                   UNTIL W-SUB-D > LENGTH OF TELEPHONE-NUMBER-FORMAT
000166             .
000167         SUB-9010-EXIT.
000168             EXIT.
GnuCOBOL 3.0-rc1.0      FAKPHON.cob                                                   Tue Feb 11 17:05:01 2020  Page 0015

LINE    PG/LN  A...B............................................................SEQUENCE

000169        /
000170         SUB-9810-REPLACE-DIGIT.
000171        *-----------------------
000172
000173             IF      W-FAKER-RESULT(W-SUB-D : 1) NOT = W-HASH
000174             AND                                       W-PERCENT
000175                 GO TO SUB-9810-EXIT
000176             END-IF
000177
000178             PERFORM SUB-9901-CALL-FAKRAND THRU SUB-9901-EXIT
000179
000180             IF      W-FAKER-RESULT(W-SUB-D : 1) = W-PERCENT
000181                 COMPUTE W-RANDOM-DIG
000182                                     =  FAKRAND-RANDOM-NO
000183                                        * 9
000184                                        + 1
000185             ELSE
000186                 COMPUTE W-RANDOM-DIG
000187                                     =  FAKRAND-RANDOM-NO
000188                                        * 10
000189             END-IF
000190
000191             MOVE W-RANDOM-DIG       TO W-FAKER-RESULT(W-SUB-D : 1)
000192             .
000193         SUB-9810-EXIT.
000194             EXIT.
GnuCOBOL 3.0-rc1.0      FAKPHON.cob                                                   Tue Feb 11 17:05:01 2020  Page 0016

LINE    PG/LN  A...B............................................................SEQUENCE

000195        /
000196         SUB-9901-CALL-FAKRAND.
000197        *----------------------
000198
000199             CALL W-FAKRAND-PROG  USING W-FAKRAND-PARAMETER
000200             .
000201         SUB-9901-EXIT.
000202             EXIT.
GnuCOBOL 3.0-rc1.0      FAKPHON.cob                                                   Tue Feb 11 17:05:01 2020  Page 0017

SIZE  TYPE           LVL  NAME                           PICTURE

      WORKING-STORAGE SECTION

00002 NUMERIC        01   W-FOUND-DX                     S9(4) COMP

00008 NUMERIC        01   W-RANDOM-NO                    S9(4)V9(9) COMP

00002 NUMERIC        01   W-RANDOM-SUB                   S9(4) COMP

00002 NUMERIC        01   W-SUB-1                        S9(4) COMP

00002 NUMERIC        01   W-SUB-1-SAVE                   S9(4) COMP

00002 NUMERIC        01   W-SUB-2                        S9(4) COMP

00002 NUMERIC        01   W-SUB-D                        S9(4) COMP

00002 NUMERIC        01   W-DIGIT-CNT                    S9(4) COMP

00001 NUMERIC        01   W-RANDOM-DIG                   9

00030 ALPHANUMERIC   01   W-TABLE-1                      X(30)

00030 ALPHANUMERIC   01   W-TABLE-2                      X(30)

00080 ALPHANUMERIC   01   W-FAKER-RESULT                 X(80)

00080 ALPHANUMERIC   01   W-FAKER-FORMAT                 X(80)

00001 ALPHANUMERIC   01   W-FORMAT-START                 X

00001 ALPHANUMERIC   01   W-FORMAT-END                   X

00001 ALPHANUMERIC   01   FILLER                         X(01)
      CONDITIONAL    88   W-FIRST-CALL
      CONDITIONAL    88   W-NOT-FIRST-CALL

00021 GROUP          01   W-COMPILED-DATE
00004 ALPHANUMERIC   05   W-COMPILED-DATE-YYYY           X(04)
00002 ALPHANUMERIC   05   W-COMPILED-DATE-MM             X(02)
00002 ALPHANUMERIC   05   W-COMPILED-DATE-DD             X(02)
00002 ALPHANUMERIC   05   W-COMPILED-TIME-HH             X(02)
00002 ALPHANUMERIC   05   W-COMPILED-TIME-MM             X(02)
00002 ALPHANUMERIC   05   W-COMPILED-TIME-SS             X(02)
00007 ALPHANUMERIC   05   FILLER                         X(07)

00080 GROUP          01   W-RECURSED-FORMAT
00001 ALPHANUMERIC   05   W-RECURSED-FORMAT-CHAR         X, OCCURS 80

00080 ALPHANUMERIC   01   W-RECURSED-FORMAT-REST         X(80)

00002 NUMERIC        01   W-POINTER                      S9(4) COMP
GnuCOBOL 3.0-rc1.0      FAKPHON.cob                                                   Tue Feb 11 17:05:01 2020  Page 0018

SIZE  TYPE           LVL  NAME                           PICTURE

00001 ALPHANUMERIC   01   W-HASH                         X(01)

00001 ALPHANUMERIC   01   W-PERCENT                      X(01)

00008 ALPHANUMERIC   01   W-FAKRAND-PROG                 X(8)

00088 GROUP          01   W-FAKRAND-PARAMETER
00004 NUMERIC        05   FAKRAND-SEED-NO                9(09) COMP
00080 ALPHANUMERIC   05   FAKRAND-SEED-TEXT              X(80)
00004 NUMERIC        05   FAKRAND-RANDOM-NO              V9(09) COMP

00162 GROUP          01   TELEPHONE-NUMBER-FORMATS
00002 NUMERIC        05   TELEPHONE-NUMBER-FORMAT-CNT    S9(4) COMP
00160 GROUP          05   TELEPHONE-NUMBER-FORMAT-OCCS
00020 ALPHANUMERIC   10   FILLER                         X(20)
00020 ALPHANUMERIC   10   FILLER                         X(20)
00020 ALPHANUMERIC   10   FILLER                         X(20)
00020 ALPHANUMERIC   10   FILLER                         X(20)
00020 ALPHANUMERIC   10   FILLER                         X(20)
00020 ALPHANUMERIC   10   FILLER                         X(20)
00020 ALPHANUMERIC   10   FILLER                         X(20)
00020 ALPHANUMERIC   10   FILLER                         X(20)
00160 GROUP          05   FILLER, REDEFINES TELEPHONE-NUMBER-FORMAT-OCCS
00160 GROUP          10   FILLER                         OCCURS 8
00020 ALPHANUMERIC   15   TELEPHONE-NUMBER-FORMAT        X(20)

      LINKAGE SECTION

01160 GROUP          01   L-PARAMETER
00030 ALPHANUMERIC   05   FAKER-PROVIDER-FUNCTION        X(30)
      CONDITIONAL    88   ADDRESS-ADDRESS
      CONDITIONAL    88   ADDRESS-BUILDING-NO
      CONDITIONAL    88   ADDRESS-CITY
      CONDITIONAL    88   ADDRESS-CITY-PREFIX
      CONDITIONAL    88   ADDRESS-CITY-SUFFIX
      CONDITIONAL    88   ADDRESS-MILITARY-APO
      CONDITIONAL    88   ADDRESS-MILITARY-DPO
      CONDITIONAL    88   ADDRESS-MILITARY-SHIP-PREFIX
      CONDITIONAL    88   ADDRESS-MILITARY-STATE-ABBR
      CONDITIONAL    88   ADDRESS-POSTCODE
      CONDITIONAL    88   ADDRESS-SECONDARY-ADDRESS
      CONDITIONAL    88   ADDRESS-STATE
      CONDITIONAL    88   ADDRESS-STATE-ABBR
      CONDITIONAL    88   ADDRESS-STATE-POSTCODE
      CONDITIONAL    88   ADDRESS-STREET-ADDRESS
      CONDITIONAL    88   ADDRESS-STREET-NAME
      CONDITIONAL    88   ADDRESS-STREET-SUFFIX
      CONDITIONAL    88   ADDRESS-TERRITORY-ABBR
      CONDITIONAL    88   BANK-ACCOUNT
      CONDITIONAL    88   BANK-ROUTING
      CONDITIONAL    88   COMPANY-COMPANY
      CONDITIONAL    88   COMPANY-SUFFIX
GnuCOBOL 3.0-rc1.0      FAKPHON.cob                                                   Tue Feb 11 17:05:01 2020  Page 0019

SIZE  TYPE           LVL  NAME                           PICTURE

      CONDITIONAL    88   PERSON-FIRST-NAME
      CONDITIONAL    88   PERSON-FIRST-NAME-MALE
      CONDITIONAL    88   PERSON-FIRST-NAME-FEMALE
      CONDITIONAL    88   PERSON-LAST-NAME
      CONDITIONAL    88   PERSON-LAST-NAME-MALE
      CONDITIONAL    88   PERSON-LAST-NAME-FEMALE
      CONDITIONAL    88   PERSON-NAME
      CONDITIONAL    88   PERSON-NAME-MALE
      CONDITIONAL    88   PERSON-NAME-FEMALE
      CONDITIONAL    88   PERSON-PREFIX
      CONDITIONAL    88   PERSON-PREFIX-MALE
      CONDITIONAL    88   PERSON-PREFIX-FEMALE
      CONDITIONAL    88   PERSON-SUFFIX
      CONDITIONAL    88   PERSON-SUFFIX-MALE
      CONDITIONAL    88   PERSON-SUFFIX-FEMALE
      CONDITIONAL    88   TAXID-EIN
      CONDITIONAL    88   TAXID-EIN-HYPHEN
      CONDITIONAL    88   TAXID-ITIN
      CONDITIONAL    88   TAXID-ITIN-HYPHEN
      CONDITIONAL    88   TAXID-SSN
      CONDITIONAL    88   TAXID-SSN-HYPHEN
      CONDITIONAL    88   TELEPHONE
00004 NUMERIC        05   FAKER-SEED-NO                  9(9) COMP
00080 ALPHANUMERIC   05   FAKER-SEED-TEXT                X(80)
00004 NUMERIC        05   FAKER-RESPONSE-CODE            9(4)
      CONDITIONAL    88   FAKER-RESPONSE-GOOD
      CONDITIONAL    88   FAKER-UNKNOWN-PROVIDER
      CONDITIONAL    88   FAKER-UNKNOWN-FUNCTION
      CONDITIONAL    88   FAKER-UNKNOWN-FORMAT
00080 ALPHANUMERIC   05   FAKER-RESPONSE-MSG             X(80)
00080 ALPHANUMERIC   05   FAKER-RESULT                   X(80)
00080 ALPHANUMERIC   05   FAKER-RESULT-FIELDS            X(80)
00080 GROUP          05   FAKER-ADDRESS, REDEFINES FAKER-RESULT-FIELDS
00035 ALPHANUMERIC   10   FAKER-ADDRESS-STREET           X(35)
00025 ALPHANUMERIC   10   FAKER-ADDRESS-CITY             X(25)
00010 ALPHANUMERIC   10   FAKER-ADDRESS-STATE            X(10)
00010 ALPHANUMERIC   10   FAKER-ADDRESS-POSTCODE         X(10)
00080 GROUP          05   FAKER-PERSON, REDEFINES FAKER-RESULT-FIELDS
00010 ALPHANUMERIC   10   FAKER-PERSON-PREFIX            X(10)
00025 ALPHANUMERIC   10   FAKER-PERSON-FIRST-NAME        X(25)
00035 ALPHANUMERIC   10   FAKER-PERSON-LAST-NAME         X(35)
00010 ALPHANUMERIC   10   FAKER-PERSON-SUFFIX            X(10)
00017 GROUP          05   FAKER-TELEPHONE, REDEFINES FAKER-RESULT-FIELDS
00003 ALPHANUMERIC   10   FAKER-TELEPHONE-AREA-CODE      X(03)
00001 ALPHANUMERIC   10   FILLER                         X(01)
00003 ALPHANUMERIC   10   FAKER-TELEPHONE-PREFIX         X(03)
00001 ALPHANUMERIC   10   FILLER                         X(01)
00004 ALPHANUMERIC   10   FAKER-TELEPHONE-SUFFIX         X(04)
00001 ALPHANUMERIC   10   FILLER                         X(01)
00004 ALPHANUMERIC   10   FAKER-TELEPHONE-EXTENSION      X(04)
00002 NUMERIC        05   FAKER-INFO-CNT                 S9(4) COMP
00800 GROUP          05   FAKER-INFO-OCCS
GnuCOBOL 3.0-rc1.0      FAKPHON.cob                                                   Tue Feb 11 17:05:01 2020  Page 0020

SIZE  TYPE           LVL  NAME                           PICTURE

00800 GROUP          10   FAKER-INFO                     OCCURS 20
00030 ALPHANUMERIC   15   FAKER-TABLE                    X(30)
00008 NUMERIC        15   FAKER-RANDOM-NO-SUB            S9(4)V9(9) COMP
00002 NUMERIC        15   FAKER-TABLE-ENTRY              S9(4) COMP


GnuCOBOL 3.0-rc1.0      FAKPHON.cob                                                   Tue Feb 11 17:05:01 2020  Page 0021

Error/Warning summary:

FAKPHON.cob:131: warning: ignoring redundant .

1 warning in compilation group
0 errors in compilation group
