GnuCOBOL 3.0-rc1.0      FAKTXID.cob                                                   Sun Feb 09 14:56:37 2020  Page 0001

LINE    PG/LN  A...B............................................................SEQUENCE

000001        *========================== COB-FAKER ===========================*
000002        * Authors: Brian D Pead
000003        *
000004        * License: MIT
000005        *
000006        * Date        Version  Description
000007        * ----        -------  -----------
000008        * 2020-02-08  1.0      First release
000009        *================================================================*
000010
000011         IDENTIFICATION DIVISION.
000012        *========================
000013
000014         PROGRAM-ID.             FAKTXID.
000015
000016         ENVIRONMENT DIVISION.
000017        *=====================
000018
000019         CONFIGURATION SECTION.
000020        *----------------------
000021
000022         SOURCE-COMPUTER.
000023             IBM-Z15.
000024        *    IBM-Z15 DEBUGGING MODE.
000025
000026         INPUT-OUTPUT SECTION.
000027        *---------------------
000028
000029         FILE-CONTROL.
GnuCOBOL 3.0-rc1.0      FAKTXID.cob                                                   Sun Feb 09 14:56:37 2020  Page 0002

LINE    PG/LN  A...B............................................................SEQUENCE

000030        /
000031         DATA DIVISION.
000032        *==============
000033
000034         FILE SECTION.
000035        *-------------
000036
000037         WORKING-STORAGE SECTION.
000038        *------------------------
000039
000040         COPY FAKERWS1.
000001C       *========================== COB-FAKER ===========================*
000002C       * Authors: Brian D Pead
000003C       *
000004C       * License: MIT
000005C       *
000006C       * Date        Version  Description
000007C       * ----        -------  -----------
000008C       * 2020-02-08  1.0      First release
000009C       *================================================================*
000010C
000011C        01  W-FOUND-DX              PIC S9(4)  COMP.
000012C        01  W-RANDOM-NO             PIC S9(4)V9(9)
000013C                                               COMP.
000014C        01  W-RANDOM-SUB            PIC S9(4)  COMP.
000015C        01  W-SUB-1                 PIC S9(4)  COMP.
000016C        01  W-SUB-1-SAVE            PIC S9(4)  COMP.
000017C        01  W-SUB-2                 PIC S9(4)  COMP.
000018C        01  W-SUB-D                 PIC S9(4)  COMP.
000019C        01  W-DIGIT-CNT             PIC S9(4)  COMP.
000020C        01  W-RANDOM-DIG            PIC 9.
000021C        01  W-TABLE-1               PIC X(30).
000022C        01  W-TABLE-2               PIC X(30)       VALUE SPACES.
000023C        01  W-FAKER-RESULT          PIC X(80).
000024C        01  W-FAKER-FORMAT          PIC X(80).
000025C        01  W-FORMAT-START          PIC X           VALUE '{'.
000026C        01  W-FORMAT-END            PIC X           VALUE '}'.
000027C
000028C        01  FILLER                  PIC X(01)       VALUE 'Y'.
000029C            88  W-FIRST-CALL                        VALUE 'Y'.
000030C            88  W-NOT-FIRST-CALL                    VALUE 'N'.
000031C
000032C        01  W-COMPILED-DATE.
000033C            05  W-COMPILED-DATE-YYYY
000034C                                    PIC X(04).
000035C            05  W-COMPILED-DATE-MM  PIC X(02).
000036C            05  W-COMPILED-DATE-DD  PIC X(02).
000037C            05  W-COMPILED-TIME-HH  PIC X(02).
000038C            05  W-COMPILED-TIME-MM  PIC X(02).
000039C            05  W-COMPILED-TIME-SS  PIC X(02).
000040C            05  FILLER              PIC X(07).
000041C
GnuCOBOL 3.0-rc1.0      FAKTXID.cob                                                   Sun Feb 09 14:56:37 2020  Page 0003

LINE    PG/LN  A...B............................................................SEQUENCE

000042C        01  W-RECURSED-FORMAT.
000043C            05  W-RECURSED-FORMAT-CHAR
000044C                                    PIC X           OCCURS 80
000045C                                                    INDEXED W-RF-DX.
000046C        01  W-RECURSED-FORMAT-REST  PIC X(80).
000041
000042         01  W-EIN-SEQUENCE          PIC 9(7).
000043         01  W-AREA-COMP             PIC 9(03)  COMP.
000044         01  W-AREA                  PIC 9(03).
000045         01  W-GROUP                 PIC 9(02).
000046         01  W-SERIAL                PIC 9(04).
000047         01  W-FAKRAND-PROG          PIC X(8)        VALUE 'FAKRAND'.
000048
000049         01  W-FAKRAND-PARAMETER.    COPY FAKRANDL.
000001C       *========================== COB-FAKER ===========================*
000002C       * Authors: Brian D Pead
000003C       *
000004C       * License: MIT
000005C       *
000006C       * Date        Version  Description
000007C       * ----        -------  -----------
000008C       * 2020-02-08  1.0      First release
000009C       *================================================================*
000010C
000011C            05  FAKRAND-SEED-NO     PIC 9(09)  COMP VALUE 0.
000012C
000013C            05  FAKRAND-SEED-TEXT   PIC X(80)       VALUE SPACES.
000014C
000015C            05  FAKRAND-RANDOM-NO   PIC V9(09) COMP.
000050
000051         COPY FAKTXIDW.
000001C       *========================== COB-FAKER ===========================*
000002C       * Authors: Brian D Pead
000003C       *
000004C       * License: MIT
000005C       *
000006C       * Date        Version  Description
000007C       * ----        -------  -----------
000008C       * 2020-02-08  1.0      First release
000009C       *================================================================*
000010C
000011C       **** A United States Employer Identification Number (EIN) is
000012C       **** also known as a Federal Tax Identification Number, and is
000013C       **** used to identify a business entity.
000014C
000015C       **** EINs follow a format of a two digit prefix followed by a
000016C       **** hyphen and a seven digit sequence: ##-######.
000017C
000018C       **** See 'https://www.irs.gov/businesses/...
000019C       **** small-businesses-self-employed/employer-id-numbers'.
000020C
000021C        01  FORMAT-EIN.
GnuCOBOL 3.0-rc1.0      FAKTXID.cob                                                   Sun Feb 09 14:56:37 2020  Page 0004

LINE    PG/LN  A...B............................................................SEQUENCE

000022C            05  FORMAT-EIN-PREFIX   PIC 9(2).
000023C            05  FORMAT-EIN-SEQUENCE PIC 9(7).
000024C
000025C        01  FORMAT-EIN-HYPHEN.
000026C            05  FORMAT-EIN-HYPHEN-PREFIX
000027C                                    PIC 9(2).
000028C            05  FILLER              PIC X           VALUE '-'.
000029C            05  FORMAT-EIN-HYPHEN-SEQUENCE
000030C                                    PIC 9(7).
000031C
000032C       **** Only certain EIN Prefix values are assigned:
000033C       **** 'https://www.irs.gov/businesses/...
000034C       **** small-businesses-self-employed/...
000035C       **** how-eins-are-assigned-and-valid-ein-prefixes'.
000036C
000037C        01  EIN-PREFIXES.
000038C            05  EIN-PREFIX-CNT      PIC S9(4)       COMP VALUE 83.
000039C            05  EIN-PREFIX-OCCS.
000040C                10  FILLER          PIC 9(2)        VALUE 01.
000041C                10  FILLER          PIC 9(2)        VALUE 02.
000042C                10  FILLER          PIC 9(2)        VALUE 03.
000043C                10  FILLER          PIC 9(2)        VALUE 04.
000044C                10  FILLER          PIC 9(2)        VALUE 05.
000045C                10  FILLER          PIC 9(2)        VALUE 06.
000046C                10  FILLER          PIC 9(2)        VALUE 10.
000047C                10  FILLER          PIC 9(2)        VALUE 11.
000048C                10  FILLER          PIC 9(2)        VALUE 12.
000049C                10  FILLER          PIC 9(2)        VALUE 13.
000050C                10  FILLER          PIC 9(2)        VALUE 14.
000051C                10  FILLER          PIC 9(2)        VALUE 15.
000052C                10  FILLER          PIC 9(2)        VALUE 16.
000053C                10  FILLER          PIC 9(2)        VALUE 20.
000054C                10  FILLER          PIC 9(2)        VALUE 21.
000055C                10  FILLER          PIC 9(2)        VALUE 22.
000056C                10  FILLER          PIC 9(2)        VALUE 23.
000057C                10  FILLER          PIC 9(2)        VALUE 24.
000058C                10  FILLER          PIC 9(2)        VALUE 25.
000059C                10  FILLER          PIC 9(2)        VALUE 26.
000060C                10  FILLER          PIC 9(2)        VALUE 27.
000061C                10  FILLER          PIC 9(2)        VALUE 30.
000062C                10  FILLER          PIC 9(2)        VALUE 31.
000063C                10  FILLER          PIC 9(2)        VALUE 32.
000064C                10  FILLER          PIC 9(2)        VALUE 33.
000065C                10  FILLER          PIC 9(2)        VALUE 34.
000066C                10  FILLER          PIC 9(2)        VALUE 35.
000067C                10  FILLER          PIC 9(2)        VALUE 36.
000068C                10  FILLER          PIC 9(2)        VALUE 37.
000069C                10  FILLER          PIC 9(2)        VALUE 38.
000070C                10  FILLER          PIC 9(2)        VALUE 39.
000071C                10  FILLER          PIC 9(2)        VALUE 40.
000072C                10  FILLER          PIC 9(2)        VALUE 41.
000073C                10  FILLER          PIC 9(2)        VALUE 42.
GnuCOBOL 3.0-rc1.0      FAKTXID.cob                                                   Sun Feb 09 14:56:37 2020  Page 0005

LINE    PG/LN  A...B............................................................SEQUENCE

000074C                10  FILLER          PIC 9(2)        VALUE 43.
000075C                10  FILLER          PIC 9(2)        VALUE 44.
000076C                10  FILLER          PIC 9(2)        VALUE 45.
000077C                10  FILLER          PIC 9(2)        VALUE 46.
000078C                10  FILLER          PIC 9(2)        VALUE 47.
000079C                10  FILLER          PIC 9(2)        VALUE 48.
000080C                10  FILLER          PIC 9(2)        VALUE 50.
000081C                10  FILLER          PIC 9(2)        VALUE 51.
000082C                10  FILLER          PIC 9(2)        VALUE 52.
000083C                10  FILLER          PIC 9(2)        VALUE 53.
000084C                10  FILLER          PIC 9(2)        VALUE 54.
000085C                10  FILLER          PIC 9(2)        VALUE 55.
000086C                10  FILLER          PIC 9(2)        VALUE 56.
000087C                10  FILLER          PIC 9(2)        VALUE 57.
000088C                10  FILLER          PIC 9(2)        VALUE 58.
000089C                10  FILLER          PIC 9(2)        VALUE 59.
000090C                10  FILLER          PIC 9(2)        VALUE 60.
000091C                10  FILLER          PIC 9(2)        VALUE 61.
000092C                10  FILLER          PIC 9(2)        VALUE 62.
000093C                10  FILLER          PIC 9(2)        VALUE 63.
000094C                10  FILLER          PIC 9(2)        VALUE 64.
000095C                10  FILLER          PIC 9(2)        VALUE 65.
000096C                10  FILLER          PIC 9(2)        VALUE 66.
000097C                10  FILLER          PIC 9(2)        VALUE 67.
000098C                10  FILLER          PIC 9(2)        VALUE 68.
000099C                10  FILLER          PIC 9(2)        VALUE 71.
000100C                10  FILLER          PIC 9(2)        VALUE 72.
000101C                10  FILLER          PIC 9(2)        VALUE 73.
000102C                10  FILLER          PIC 9(2)        VALUE 74.
000103C                10  FILLER          PIC 9(2)        VALUE 75.
000104C                10  FILLER          PIC 9(2)        VALUE 76.
000105C                10  FILLER          PIC 9(2)        VALUE 77.
000106C                10  FILLER          PIC 9(2)        VALUE 80.
000107C                10  FILLER          PIC 9(2)        VALUE 81.
000108C                10  FILLER          PIC 9(2)        VALUE 82.
000109C                10  FILLER          PIC 9(2)        VALUE 83.
000110C                10  FILLER          PIC 9(2)        VALUE 84.
000111C                10  FILLER          PIC 9(2)        VALUE 85.
000112C                10  FILLER          PIC 9(2)        VALUE 86.
000113C                10  FILLER          PIC 9(2)        VALUE 87.
000114C                10  FILLER          PIC 9(2)        VALUE 88.
000115C                10  FILLER          PIC 9(2)        VALUE 90.
000116C                10  FILLER          PIC 9(2)        VALUE 91.
000117C                10  FILLER          PIC 9(2)        VALUE 92.
000118C                10  FILLER          PIC 9(2)        VALUE 93.
000119C                10  FILLER          PIC 9(2)        VALUE 94.
000120C                10  FILLER          PIC 9(2)        VALUE 95.
000121C                10  FILLER          PIC 9(2)        VALUE 98.
000122C                10  FILLER          PIC 9(2)        VALUE 99.
000123C            05  FILLER REDEFINES EIN-PREFIX-OCCS.
000124C                10  FILLER                          OCCURS 83
000125C                                                    INDEXED EP-DX.
GnuCOBOL 3.0-rc1.0      FAKTXID.cob                                                   Sun Feb 09 14:56:37 2020  Page 0006

LINE    PG/LN  A...B............................................................SEQUENCE

000126C                    15  EIN-PREFIX  PIC 9(2).
000127C
000128C        01  EIN-SEQUENCE.
000129C            05  EIN-SEQUENCE-MIN    PIC 9(7)        VALUE 0000000.
000130C            05  EIN-SEQUENCE-MAX    PIC 9(7)        VALUE 9999999.
000131C
000132C       **** A United States Individual Taxpayer Identification Number
000133C       **** (ITIN) is a tax processing number issued by the Internal
000134C       **** Revenue Service. It is a nine-digit number that always begins
000135C       **** with the number 9 and has a range of 70-88 in the fourth and
000136C       **** fifth digit. Effective April 12, 2011, the range was extended
000137C       **** to include 900-70-0000 through 999-88-9999, 900-90-0000
000138C       **** through 999-92-9999 and 900-94-0000 through 999-99-9999.
000139C
000140C       **** ITINs follow a format of a three digit area, a hyphen, a two
000141C       **** digit group, a hyphen, and a four digit serial: ###-##-####.
000142C
000143C       **** 'https://www.irs.gov/individuals/international-taxpayers/...
000144C       **** general-itin-information'.
000145C
000146C        01  FORMAT-ITIN.
000147C            05  FORMAT-ITIN-AREA    PIC 9(3).
000148C            05  FORMAT-ITIN-GROUP   PIC 9(2).
000149C            05  FORMAT-ITIN-SERIAL  PIC 9(4).
000150C
000151C        01  FORMAT-ITIN-HYPHEN.
000152C            05  FORMAT-ITIN-HYPHEN-AREA
000153C                                    PIC 9(3).
000154C            05  FILLER              PIC X           VALUE '-'.
000155C            05  FORMAT-ITIN-HYPHEN-GROUP
000156C                                    PIC 9(2).
000157C            05  FILLER              PIC X           VALUE '-'.
000158C            05  FORMAT-ITIN-HYPHEN-SERIAL
000159C                                    PIC 9(4).
000160C
000161C        01  ITIN-AREA.
000162C            05  ITIN-AREA-MIN       PIC 9(3)        VALUE 900.
000163C            05  ITIN-AREA-MAX       PIC 9(3)        VALUE 999.
000164C
000165C        01  ITIN-GROUPS.
000166C            05  ITIN-GROUP-CNT      PIC S9(4)       COMP VALUE 28.
000167C            05  ITIN-GROUP-OCCS.
000168C                10  FILLER          PIC 9(2)        VALUE 70.
000169C                10  FILLER          PIC 9(2)        VALUE 71.
000170C                10  FILLER          PIC 9(2)        VALUE 72.
000171C                10  FILLER          PIC 9(2)        VALUE 73.
000172C                10  FILLER          PIC 9(2)        VALUE 74.
000173C                10  FILLER          PIC 9(2)        VALUE 75.
000174C                10  FILLER          PIC 9(2)        VALUE 76.
000175C                10  FILLER          PIC 9(2)        VALUE 77.
000176C                10  FILLER          PIC 9(2)        VALUE 78.
000177C                10  FILLER          PIC 9(2)        VALUE 79.
GnuCOBOL 3.0-rc1.0      FAKTXID.cob                                                   Sun Feb 09 14:56:37 2020  Page 0007

LINE    PG/LN  A...B............................................................SEQUENCE

000178C                10  FILLER          PIC 9(2)        VALUE 80.
000179C                10  FILLER          PIC 9(2)        VALUE 81.
000180C                10  FILLER          PIC 9(2)        VALUE 82.
000181C                10  FILLER          PIC 9(2)        VALUE 83.
000182C                10  FILLER          PIC 9(2)        VALUE 84.
000183C                10  FILLER          PIC 9(2)        VALUE 85.
000184C                10  FILLER          PIC 9(2)        VALUE 86.
000185C                10  FILLER          PIC 9(2)        VALUE 87.
000186C                10  FILLER          PIC 9(2)        VALUE 88.
000187C                10  FILLER          PIC 9(2)        VALUE 90.
000188C                10  FILLER          PIC 9(2)        VALUE 91.
000189C                10  FILLER          PIC 9(2)        VALUE 92.
000190C                10  FILLER          PIC 9(2)        VALUE 94.
000191C                10  FILLER          PIC 9(2)        VALUE 95.
000192C                10  FILLER          PIC 9(2)        VALUE 96.
000193C                10  FILLER          PIC 9(2)        VALUE 97.
000194C                10  FILLER          PIC 9(2)        VALUE 98.
000195C                10  FILLER          PIC 9(2)        VALUE 99.
000196C            05  FILLER REDEFINES ITIN-GROUP-OCCS.
000197C                10  FILLER                          OCCURS 28
000198C                                                    INDEXED IG-DX.
000199C                    15  ITIN-GROUP  PIC 9(2).
000200C
000201C        01  ITIN-SERIAL.
000202C            05  ITIN-SERIAL-MIN     PIC 9(4)        VALUE 0001.
000203C            05  ITIN-SERIAL-MAX     PIC 9(4)        VALUE 9999.
000204C
000205C       **** A United States Social Security Number (SSN) is a nine-digit
000206C       **** number that also follows a format of a three digit area,
000207C       **** a hyphen, a two digit group, a hyphen, and a four digit
000208C       **** serial: ###-##-####.
000209C
000210C       **** Invalid SSNs have the following characteristics:
000211C       ****   Cannot begin with the number 9
000212C       ****   Cannot begin with 666 in positions 1 - 3
000213C       ****   Cannot begin with 000 in positions 1 - 3
000214C       ****   Cannot contain 00 in positions 4 - 5
000215C       ****   Cannot contain 0000 in positions 6 - 9
000216C
000217C       **** See https://www.ssa.gov/kc/SSAFactSheet--IssuingSSNs.pdf
000218C
000219C        01  FORMAT-SSN.
000220C            05  FORMAT-SSN-AREA     PIC 9(3).
000221C            05  FORMAT-SSN-GROUP    PIC 9(2).
000222C            05  FORMAT-SSN-SERIAL   PIC 9(4).
000223C
000224C        01  FORMAT-SSN-HYPHEN.
000225C            05  FORMAT-SSN-HYPHEN-AREA
000226C                                    PIC 9(3).
000227C            05  FILLER              PIC X           VALUE '-'.
000228C            05  FORMAT-SSN-HYPHEN-GROUP
000229C                                    PIC 9(2).
GnuCOBOL 3.0-rc1.0      FAKTXID.cob                                                   Sun Feb 09 14:56:37 2020  Page 0008

LINE    PG/LN  A...B............................................................SEQUENCE

000230C            05  FILLER              PIC X           VALUE '-'.
000231C            05  FORMAT-SSN-HYPHEN-SERIAL
000232C                                    PIC 9(4).
000233C
000234C        01  SSN-AREA.
000235C            05  SSN-AREA-MIN        PIC 9(3)        VALUE 001.
000236C            05  SSN-AREA-MAX        PIC 9(3)        VALUE 899.
000237C            05  SSN-AREA-EXCL       PIC 9(3)        VALUE 666.
000238C
000239C        01  SSN-GROUP.
000240C            05  SSN-GROUP-MIN       PIC 9(2)        VALUE 01.
000241C            05  SSN-GROUP-MAX       PIC 9(2)        VALUE 99.
000242C
000243C        01  SSN-SERIAL.
000244C            05  SSN-SERIAL-MIN      PIC 9(4)        VALUE 0001.
000245C            05  SSN-SERIAL-MAX      PIC 9(4)        VALUE 9999.
GnuCOBOL 3.0-rc1.0      FAKTXID.cob                                                   Sun Feb 09 14:56:37 2020  Page 0009

LINE    PG/LN  A...B............................................................SEQUENCE

000052        /
000053         LINKAGE SECTION.
000054        *----------------
000055
000056         01  L-PARAMETER.            COPY FAKERLNK.
000001C       *========================== COB-FAKER ===========================*
000002C       * Authors: Brian D Pead
000003C       *
000004C       * License: MIT
000005C       *
000006C       * Date        Version  Description
000007C       * ----        -------  -----------
000008C       * 2020-02-08  1.0      First release
000009C       *================================================================*
000010C
000011C       **** Input fields:
000012C       ****     FAKER-PROVIDER-FUNCTION:
000013C       ****         Set appropriate 88 level for  desired function.
000014C       ****     FAKER-SEED-NO:
000015C       ****         If > 0, used to set seed to get same random
000016C       ****         sequence on each call.
000017C       ****     FAKER-SEED-TEXT:
000018C       ****         If FAKER-SEED-NO = 0 and this is not spaces, used to
000019C       ****         set seed to get same random sequence on each call
000020C       ****         (e.g. to get same fake name each time real name is
000021C       ****         being anonymized, move real name to FAKER-SEED-TEXT
000022C       ****         before call).
000023C
000024C            05  FAKER-PROVIDER-FUNCTION
000025C                                    PIC X(30).
000026C                88  ADDRESS-ADDRESS                 VALUE
000027C                                    'ADDRESS-ADDRESS'.
000028C                88  ADDRESS-BUILDING-NO             VALUE
000029C                                    'ADDRESS-BUILDING-NO'.
000030C                88  ADDRESS-CITY                    VALUE
000031C                                    'ADDRESS-CITY'.
000032C                88  ADDRESS-CITY-PREFIX             VALUE
000033C                                    'ADDRESS-CITY-PREFIX'.
000034C                88  ADDRESS-CITY-SUFFIX             VALUE
000035C                                    'ADDRESS-CITY-SUFFIX'.
000036C                88  ADDRESS-MILITARY-APO            VALUE
000037C                                    'ADDRESS-MILITARY-APO'.
000038C                88  ADDRESS-MILITARY-DPO            VALUE
000039C                                    'ADDRESS-MILITARY-DPO'.
000040C                88  ADDRESS-MILITARY-SHIP-PREFIX    VALUE
000041C                                    'ADDRESS-MILITARY-SHIP-PREFIX'.
000042C                88  ADDRESS-MILITARY-STATE-ABBR     VALUE
000043C                                    'ADDRESS-MILITARY-STATE-ABBR'.
000044C                88  ADDRESS-POSTCODE                VALUE
000045C                                    'ADDRESS-POSTCODE'.
000046C                88  ADDRESS-SECONDARY-ADDRESS       VALUE
000047C                                    'ADDRESS-SECONDARY-ADDRESS'.
GnuCOBOL 3.0-rc1.0      FAKTXID.cob                                                   Sun Feb 09 14:56:37 2020  Page 0010

LINE    PG/LN  A...B............................................................SEQUENCE

000048C                88  ADDRESS-STATE                   VALUE
000049C                                    'ADDRESS-STATE'.
000050C                88  ADDRESS-STATE-ABBR              VALUE
000051C                                    'ADDRESS-STATE-ABBR'.
000052C                88  ADDRESS-STATE-POSTCODE          VALUE
000053C                                    'ADDRESS-STATE-POSTCODE'.
000054C                88  ADDRESS-STREET-ADDRESS          VALUE
000055C                                    'ADDRESS-STREET-ADDRESS'.
000056C                88  ADDRESS-STREET-NAME             VALUE
000057C                                    'ADDRESS-STREET-NAME'.
000058C                88  ADDRESS-STREET-SUFFIX           VALUE
000059C                                    'ADDRESS-STREET-SUFFIX'.
000060C                88  ADDRESS-TERRITORY-ABBR          VALUE
000061C                                    'ADDRESS-TERRITORY-ABBR'.
000062C                88  COMPANY-COMPANY                 VALUE
000063C                                    'COMPANY-COMPANY'.
000064C                88  COMPANY-SUFFIX                  VALUE
000065C                                    'COMPANY-SUFFIX'.
000066C                88  PERSON-FIRST-NAME               VALUE
000067C                                    'PERSON-FIRST-NAME'.
000068C                88  PERSON-FIRST-NAME-MALE          VALUE
000069C                                    'PERSON-FIRST-NAME-MALE'.
000070C                88  PERSON-FIRST-NAME-FEMALE        VALUE
000071C                                    'PERSON-FIRST-NAME-FEMALE'.
000072C                88  PERSON-LAST-NAME                VALUE
000073C                                    'PERSON-LAST-NAME'.
000074C                88  PERSON-LAST-NAME-MALE           VALUE
000075C                                    'PERSON-LAST-NAME-MALE'.
000076C                88  PERSON-LAST-NAME-FEMALE         VALUE
000077C                                    'PERSON-LAST-NAME-FEMALE'.
000078C                88  PERSON-NAME                     VALUE
000079C                                    'PERSON-NAME'.
000080C                88  PERSON-NAME-MALE                VALUE
000081C                                    'PERSON-NAME-MALE'.
000082C                88  PERSON-NAME-FEMALE              VALUE
000083C                                    'PERSON-NAME-FEMALE'.
000084C                88  PERSON-PREFIX                   VALUE
000085C                                    'PERSON-PREFIX'.
000086C                88  PERSON-PREFIX-MALE              VALUE
000087C                                    'PERSON-PREFIX-MALE'.
000088C                88  PERSON-PREFIX-FEMALE            VALUE
000089C                                    'PERSON-PREFIX-FEMALE'.
000090C                88  PERSON-SUFFIX                   VALUE
000091C                                    'PERSON-SUFFIX'.
000092C                88  PERSON-SUFFIX-MALE              VALUE
000093C                                    'PERSON-SUFFIX-MALE'.
000094C                88  PERSON-SUFFIX-FEMALE            VALUE
000095C                                    'PERSON-SUFFIX-FEMALE'.
000096C                88  TAXID-EIN                       VALUE
000097C                                    'TAXID-EIN'.
000098C                88  TAXID-EIN-HYPHEN                VALUE
000099C                                    'TAXID-EIN-HYPHEN'.
GnuCOBOL 3.0-rc1.0      FAKTXID.cob                                                   Sun Feb 09 14:56:37 2020  Page 0011

LINE    PG/LN  A...B............................................................SEQUENCE

000100C                88  TAXID-ITIN                      VALUE
000101C                                    'TAXID-ITIN'.
000102C                88  TAXID-ITIN-HYPHEN               VALUE
000103C                                    'TAXID-ITIN-HYPHEN'.
000104C                88  TAXID-SSN                       VALUE
000105C                                    'TAXID-SSN'.
000106C                88  TAXID-SSN-HYPHEN                VALUE
000107C                                    'TAXID-SSN-HYPHEN'.
000108C
000109C            05  FAKER-SEED-NO       PIC 9(9)   COMP VALUE 0.
000110C
000111C            05  FAKER-SEED-TEXT     PIC X(80)       VALUE SPACES.
000112C
000113C       **** Output fields:
000114C       ****     FAKER-RESPONSE-CODE
000115C       ****         Use 88 levels to determine result of calls.
000116C       ****     FAKER-RESPONSE-MSG
000117C       ****         Non-space if bad response.
000118C       ****     FAKER-RESULT
000119C       ****         Returned result of the call.
000120C       ****     FAKER-RESULT-FIELDS
000121C       ****         Populated for certain compound results - redefined
000122C       ****         for address and person fields.
000123C       ****     FAKER-INFO-CNT
000124C       ****         Debugging information count.
000125C       ****     FAKER-INFO-OCCS
000126C       ****         Debugging information.
000127C
000128C            05  FAKER-RESPONSE-CODE PIC 9(4).
000129C                88  FAKER-RESPONSE-GOOD             VALUE 0.
000130C                88  FAKER-UNKNOWN-PROVIDER          VALUE 10.
000131C                88  FAKER-UNKNOWN-FUNCTION          VALUE 20.
000132C                88  FAKER-UNKNOWN-FORMAT            VALUE 30.
000133C
000134C            05  FAKER-RESPONSE-MSG  PIC X(80).
000135C
000136C            05  FAKER-RESULT        PIC X(80).
000137C
000138C            05  FAKER-RESULT-FIELDS PIC X(80).
000139C
000140C       **** These fields are populated only for ADDRESS-ADDRESS calls:
000141C            05  FAKER-ADDRESS REDEFINES FAKER-RESULT-FIELDS.
000142C                10  FAKER-ADDRESS-STREET
000143C                                    PIC X(35).
000144C                10  FAKER-ADDRESS-CITY
000145C                                    PIC X(25).
000146C                10  FAKER-ADDRESS-STATE
000147C                                    PIC X(10).
000148C                10  FAKER-ADDRESS-POSTCODE
000149C                                    PIC X(10).
000150C
000151C       **** These fields are populated only for PERSON-NAME,
GnuCOBOL 3.0-rc1.0      FAKTXID.cob                                                   Sun Feb 09 14:56:37 2020  Page 0012

LINE    PG/LN  A...B............................................................SEQUENCE

000152C       **** PERSON-NAME-MALE and PERSON-NAME-FEMALE calls:
000153C            05  FAKER-PERSON REDEFINES FAKER-RESULT-FIELDS.
000154C                10  FAKER-PERSON-PREFIX
000155C                                    PIC X(10).
000156C                10  FAKER-PERSON-FIRST-NAME
000157C                                    PIC X(25).
000158C                10  FAKER-PERSON-LAST-NAME
000159C                                    PIC X(35).
000160C                10  FAKER-PERSON-SUFFIX
000161C                                    PIC X(10).
000162C
000163C            05  FAKER-INFO-CNT      PIC S9(4)  COMP.
000164C
000165C            05  FAKER-INFO-OCCS.
000166C                10  FAKER-INFO                      OCCURS 20
000167C                                                    INDEXED FI-DX
000168C                                                            FI-DX2.
000169C                    15  FAKER-TABLE PIC X(30).
000170C                    15  FAKER-RANDOM-NO-SUB
000171C                                    PIC S9(4)V9(9)
000172C                                               COMP.
000173C                    15  FAKER-TABLE-ENTRY
000174C                                    PIC S9(4)  COMP.
000175C
GnuCOBOL 3.0-rc1.0      FAKTXID.cob                                                   Sun Feb 09 14:56:37 2020  Page 0013

LINE    PG/LN  A...B............................................................SEQUENCE

000057        /
000058         PROCEDURE DIVISION USING L-PARAMETER.
000059        *==================
000060
000061         MAIN.
000062        *-----
000063
000064             PERFORM SUB-1000-START-UP THRU SUB-1000-EXIT
000065
000066             PERFORM SUB-2000-PROCESS THRU SUB-2000-EXIT
000067
000068             PERFORM SUB-3000-SHUT-DOWN THRU SUB-3000-EXIT
000069             .
000070         MAIN-EXIT.
000071             GOBACK.
GnuCOBOL 3.0-rc1.0      FAKTXID.cob                                                   Sun Feb 09 14:56:37 2020  Page 0014

LINE    PG/LN  A...B............................................................SEQUENCE

000072        /
000073         SUB-1000-START-UP.
000074        *------------------
000075
000076             IF      W-NOT-FIRST-CALL
000077                 GO TO SUB-1000-EXIT
000078             END-IF
000079
000080             SET W-NOT-FIRST-CALL    TO TRUE
000081             MOVE FUNCTION WHEN-COMPILED
000082                                     TO W-COMPILED-DATE
000083
000084             DISPLAY 'FAKTXID  compiled on '
000085                 W-COMPILED-DATE-YYYY '/'
000086                 W-COMPILED-DATE-MM   '/'
000087                 W-COMPILED-DATE-DD   ' at '
000088                 W-COMPILED-TIME-HH   ':'
000089                 W-COMPILED-TIME-MM   ':'
000090                 W-COMPILED-TIME-SS
000091             .
000092         SUB-1000-EXIT.
000093             EXIT.
GnuCOBOL 3.0-rc1.0      FAKTXID.cob                                                   Sun Feb 09 14:56:37 2020  Page 0015

LINE    PG/LN  A...B............................................................SEQUENCE

000094        /
000095         SUB-2000-PROCESS.
000096        *-----------------
000097
000098             MOVE 0                  TO FAKER-INFO-CNT
000099             SET  FI-DX              TO FAKER-INFO-CNT
000100             MOVE LOW-VALUES         TO FAKER-INFO-OCCS
000101
000102             EVALUATE TRUE
000103               WHEN TAXID-EIN
000104                 PERFORM SUB-9010-EIN THRU SUB-9010-EXIT
000105
000106                 MOVE FORMAT-EIN     TO FAKER-RESULT
000107
000108               WHEN TAXID-EIN-HYPHEN
000109                 PERFORM SUB-9010-EIN THRU SUB-9010-EXIT
000110
000111                 MOVE FORMAT-EIN-HYPHEN
000112                                     TO FAKER-RESULT
000113
000114               WHEN TAXID-ITIN
000115                 PERFORM SUB-9020-ITIN THRU SUB-9020-EXIT
000116
000117                 MOVE FORMAT-ITIN    TO FAKER-RESULT
000118
000119               WHEN TAXID-ITIN-HYPHEN
000120                 PERFORM SUB-9020-ITIN THRU SUB-9020-EXIT
000121
000122                 MOVE FORMAT-ITIN-HYPHEN
000123                                     TO FAKER-RESULT
000124
000125               WHEN TAXID-SSN
000126                 PERFORM SUB-9030-SSN THRU SUB-9030-EXIT
000127
000128                 MOVE FORMAT-SSN     TO FAKER-RESULT
000129
000130               WHEN TAXID-SSN-HYPHEN
000131                 PERFORM SUB-9030-SSN THRU SUB-9030-EXIT
000132
000133                 MOVE FORMAT-SSN-HYPHEN
000134                                     TO FAKER-RESULT
000135
000136               WHEN OTHER
000137                 SET  FAKER-UNKNOWN-FUNCTION
000138                                     TO TRUE
000139                 STRING 'Unknown FAKTXID function "'
000140                         FAKER-PROVIDER-FUNCTION
000141                         '"'  DELIMITED SIZE
000142                                   INTO FAKER-RESPONSE-MSG
000143                 GO TO SUB-2000-EXIT
000144             END-EVALUATE
000145
GnuCOBOL 3.0-rc1.0      FAKTXID.cob                                                   Sun Feb 09 14:56:37 2020  Page 0016

LINE    PG/LN  A...B............................................................SEQUENCE

000146             SET  FAKER-INFO-CNT     TO FI-DX
000147             .
000148         SUB-2000-EXIT.
000149             EXIT.
GnuCOBOL 3.0-rc1.0      FAKTXID.cob                                                   Sun Feb 09 14:56:37 2020  Page 0017

LINE    PG/LN  A...B............................................................SEQUENCE

000150        /
000151         SUB-3000-SHUT-DOWN.
warning: ignoring redundant .
000152        *-------------------
000153
000154        D    IF      FAKER-RESPONSE-GOOD
000155        D        DISPLAY 'FAKTXID completed successfully'
000156        D    ELSE
000157        D        DISPLAY 'FAKTXID ended with error '
000158        D                FAKER-RESPONSE-CODE
000159        D                ': '
000160        D                FAKER-RESPONSE-MSG
000161        D    END-IF
000162             .
000163         SUB-3000-EXIT.
000164             EXIT.
GnuCOBOL 3.0-rc1.0      FAKTXID.cob                                                   Sun Feb 09 14:56:37 2020  Page 0018

LINE    PG/LN  A...B............................................................SEQUENCE

000165        /
000166         SUB-9010-EIN.
000167        *-------------
000168
000169        **** EIN PREFIX:
000170
000171             PERFORM SUB-9901-CALL-FAKRAND THRU SUB-9901-EXIT
000172
000173             COMPUTE W-RANDOM-SUB    =  FAKRAND-RANDOM-NO
000174                                        * EIN-PREFIX-CNT
000175                                        + 1
000176
000177             SET  FI-DX           UP BY 1
000178             MOVE 'EIN-PREFIXES'     TO FAKER-TABLE(FI-DX)
000179             MOVE FAKRAND-RANDOM-NO  TO FAKER-RANDOM-NO-SUB(FI-DX)
000180             MOVE W-RANDOM-SUB       TO FAKER-TABLE-ENTRY(FI-DX)
000181
000182             MOVE EIN-PREFIX(W-RANDOM-SUB)
000183                                     TO FORMAT-EIN-PREFIX
000184                                        FORMAT-EIN-HYPHEN-PREFIX
000185
000186        **** EIN SEQUENCE:
000187
000188             PERFORM SUB-9901-CALL-FAKRAND THRU SUB-9901-EXIT
000189
000190             COMPUTE W-EIN-SEQUENCE  =  EIN-SEQUENCE-MAX
000191                                        - EIN-SEQUENCE-MIN
000192                                        + 1
000193
000194             COMPUTE W-EIN-SEQUENCE  =  FAKRAND-RANDOM-NO
000195                                        * W-EIN-SEQUENCE
000196                                        + EIN-SEQUENCE-MIN
000197
000198             SET  FI-DX           UP BY 1
000199             MOVE 'EIN-SEQUENCE'     TO FAKER-TABLE(FI-DX)
000200             MOVE FAKRAND-RANDOM-NO  TO FAKER-RANDOM-NO-SUB(FI-DX)
000201
000202             MOVE W-EIN-SEQUENCE     TO FORMAT-EIN-SEQUENCE
000203                                        FORMAT-EIN-HYPHEN-SEQUENCE
000204             .
000205         SUB-9010-EXIT.
000206             EXIT.
GnuCOBOL 3.0-rc1.0      FAKTXID.cob                                                   Sun Feb 09 14:56:37 2020  Page 0019

LINE    PG/LN  A...B............................................................SEQUENCE

000207        /
000208         SUB-9020-ITIN.
000209        *--------------
000210
000211        **** ITIN AREA:
000212
000213             PERFORM SUB-9901-CALL-FAKRAND THRU SUB-9901-EXIT
000214
000215             COMPUTE W-AREA          =  ITIN-AREA-MAX
000216                                        - ITIN-AREA-MIN
000217                                        + 1
000218
000219             COMPUTE W-AREA          =  FAKRAND-RANDOM-NO
000220                                        * W-AREA
000221                                        + ITIN-AREA-MIN
000222
000223             SET  FI-DX           UP BY 1
000224             MOVE 'ITIN-AREA'        TO FAKER-TABLE(FI-DX)
000225             MOVE FAKRAND-RANDOM-NO  TO FAKER-RANDOM-NO-SUB(FI-DX)
000226
000227             MOVE W-AREA             TO FORMAT-ITIN-AREA
000228                                        FORMAT-ITIN-HYPHEN-AREA
000229
000230        **** ITIN GROUP:
000231
000232             PERFORM SUB-9901-CALL-FAKRAND THRU SUB-9901-EXIT
000233
000234             COMPUTE W-RANDOM-SUB    =  FAKRAND-RANDOM-NO
000235                                        * ITIN-GROUP-CNT
000236                                        + 1
000237
000238             SET  FI-DX           UP BY 1
000239             MOVE 'ITIN-GROUPS'      TO FAKER-TABLE(FI-DX)
000240             MOVE FAKRAND-RANDOM-NO  TO FAKER-RANDOM-NO-SUB(FI-DX)
000241             MOVE W-RANDOM-SUB       TO FAKER-TABLE-ENTRY(FI-DX)
000242
000243             MOVE ITIN-GROUP(W-RANDOM-SUB)
000244                                     TO FORMAT-ITIN-GROUP
000245                                        FORMAT-ITIN-HYPHEN-GROUP
000246
000247        **** ITIN SERIAL:
000248
000249             PERFORM SUB-9901-CALL-FAKRAND THRU SUB-9901-EXIT
000250
000251             COMPUTE W-SERIAL        =  ITIN-SERIAL-MAX
000252                                        - ITIN-SERIAL-MIN
000253                                        + 1
000254
000255             COMPUTE W-SERIAL        =  FAKRAND-RANDOM-NO
000256                                        * W-SERIAL
000257                                        + ITIN-SERIAL-MIN
000258
GnuCOBOL 3.0-rc1.0      FAKTXID.cob                                                   Sun Feb 09 14:56:37 2020  Page 0020

LINE    PG/LN  A...B............................................................SEQUENCE

000259             SET  FI-DX           UP BY 1
000260             MOVE 'ITIN-SERIAL'      TO FAKER-TABLE(FI-DX)
000261             MOVE FAKRAND-RANDOM-NO  TO FAKER-RANDOM-NO-SUB(FI-DX)
000262
000263             MOVE W-SERIAL           TO FORMAT-ITIN-SERIAL
000264                                        FORMAT-ITIN-HYPHEN-SERIAL
000265             .
000266         SUB-9020-EXIT.
000267             EXIT.
GnuCOBOL 3.0-rc1.0      FAKTXID.cob                                                   Sun Feb 09 14:56:37 2020  Page 0021

LINE    PG/LN  A...B............................................................SEQUENCE

000268        /
000269         SUB-9030-SSN.
000270        *-------------
000271
000272        **** SSN AREA:
000273
000274             MOVE SSN-AREA-EXCL      TO W-AREA
000275
000276             PERFORM UNTIL W-AREA NOT = SSN-AREA-EXCL
000277                 PERFORM SUB-9901-CALL-FAKRAND THRU SUB-9901-EXIT
000278
000279                 COMPUTE W-AREA      =  SSN-AREA-MAX
000280                                        - SSN-AREA-MIN
000281                                        + 1
000282
000283                 COMPUTE W-AREA      =  FAKRAND-RANDOM-NO
000284                                        * W-AREA
000285                                        + SSN-AREA-MIN
000286             END-PERFORM
000287
000288             SET  FI-DX           UP BY 1
000289             MOVE 'SSN-AREA'         TO FAKER-TABLE(FI-DX)
000290             MOVE FAKRAND-RANDOM-NO  TO FAKER-RANDOM-NO-SUB(FI-DX)
000291
000292             MOVE W-AREA             TO FORMAT-SSN-AREA
000293                                        FORMAT-SSN-HYPHEN-AREA
000294
000295        **** SSN GROUP:
000296
000297             PERFORM SUB-9901-CALL-FAKRAND THRU SUB-9901-EXIT
000298
000299             COMPUTE W-GROUP         =  SSN-GROUP-MAX
000300                                        - SSN-GROUP-MIN
000301                                        + 1
000302
000303             COMPUTE W-GROUP         =  FAKRAND-RANDOM-NO
000304                                        * W-GROUP
000305                                        + SSN-GROUP-MIN
000306
000307             SET  FI-DX           UP BY 1
000308             MOVE 'SSN-GROUP'        TO FAKER-TABLE(FI-DX)
000309             MOVE FAKRAND-RANDOM-NO  TO FAKER-RANDOM-NO-SUB(FI-DX)
000310
000311             MOVE W-GROUP            TO FORMAT-SSN-GROUP
000312                                        FORMAT-SSN-HYPHEN-GROUP
000313
000314        **** SSN SERIAL:
000315
000316             PERFORM SUB-9901-CALL-FAKRAND THRU SUB-9901-EXIT
000317
000318             COMPUTE W-SERIAL        =  SSN-SERIAL-MAX
000319                                        - SSN-SERIAL-MIN
GnuCOBOL 3.0-rc1.0      FAKTXID.cob                                                   Sun Feb 09 14:56:37 2020  Page 0022

LINE    PG/LN  A...B............................................................SEQUENCE

000320                                        + 1
000321
000322             COMPUTE W-SERIAL        =  FAKRAND-RANDOM-NO
000323                                        * W-SERIAL
000324                                        + SSN-SERIAL-MIN
000325
000326             SET  FI-DX           UP BY 1
000327             MOVE 'SSN-SERIAL'      TO FAKER-TABLE(FI-DX)
000328             MOVE FAKRAND-RANDOM-NO  TO FAKER-RANDOM-NO-SUB(FI-DX)
000329
000330             MOVE W-SERIAL           TO FORMAT-SSN-SERIAL
000331                                        FORMAT-SSN-HYPHEN-SERIAL
000332             .
000333         SUB-9030-EXIT.
000334             EXIT.
GnuCOBOL 3.0-rc1.0      FAKTXID.cob                                                   Sun Feb 09 14:56:37 2020  Page 0023

LINE    PG/LN  A...B............................................................SEQUENCE

000335        /
000336         SUB-9901-CALL-FAKRAND.
000337        *----------------------
000338
000339             CALL W-FAKRAND-PROG  USING W-FAKRAND-PARAMETER
000340             .
000341         SUB-9901-EXIT.
000342             EXIT.
GnuCOBOL 3.0-rc1.0      FAKTXID.cob                                                   Sun Feb 09 14:56:37 2020  Page 0024

SIZE  TYPE           LVL  NAME                           PICTURE

      WORKING-STORAGE SECTION

00002 NUMERIC        01   W-FOUND-DX                     S9(4) COMP

00008 NUMERIC        01   W-RANDOM-NO                    S9(4)V9(9) COMP

00002 NUMERIC        01   W-RANDOM-SUB                   S9(4) COMP

00002 NUMERIC        01   W-SUB-1                        S9(4) COMP

00002 NUMERIC        01   W-SUB-1-SAVE                   S9(4) COMP

00002 NUMERIC        01   W-SUB-2                        S9(4) COMP

00002 NUMERIC        01   W-SUB-D                        S9(4) COMP

00002 NUMERIC        01   W-DIGIT-CNT                    S9(4) COMP

00001 NUMERIC        01   W-RANDOM-DIG                   9

00030 ALPHANUMERIC   01   W-TABLE-1                      X(30)

00030 ALPHANUMERIC   01   W-TABLE-2                      X(30)

00080 ALPHANUMERIC   01   W-FAKER-RESULT                 X(80)

00080 ALPHANUMERIC   01   W-FAKER-FORMAT                 X(80)

00001 ALPHANUMERIC   01   W-FORMAT-START                 X

00001 ALPHANUMERIC   01   W-FORMAT-END                   X

00001 ALPHANUMERIC   01   FILLER                         X(01)
      CONDITIONAL    88   W-FIRST-CALL
      CONDITIONAL    88   W-NOT-FIRST-CALL

00021 GROUP          01   W-COMPILED-DATE
00004 ALPHANUMERIC   05   W-COMPILED-DATE-YYYY           X(04)
00002 ALPHANUMERIC   05   W-COMPILED-DATE-MM             X(02)
00002 ALPHANUMERIC   05   W-COMPILED-DATE-DD             X(02)
00002 ALPHANUMERIC   05   W-COMPILED-TIME-HH             X(02)
00002 ALPHANUMERIC   05   W-COMPILED-TIME-MM             X(02)
00002 ALPHANUMERIC   05   W-COMPILED-TIME-SS             X(02)
00007 ALPHANUMERIC   05   FILLER                         X(07)

00080 GROUP          01   W-RECURSED-FORMAT
00001 ALPHANUMERIC   05   W-RECURSED-FORMAT-CHAR         X, OCCURS 80

00080 ALPHANUMERIC   01   W-RECURSED-FORMAT-REST         X(80)

00007 NUMERIC        01   W-EIN-SEQUENCE                 9(7)
GnuCOBOL 3.0-rc1.0      FAKTXID.cob                                                   Sun Feb 09 14:56:37 2020  Page 0025

SIZE  TYPE           LVL  NAME                           PICTURE

00002 NUMERIC        01   W-AREA-COMP                    9(03) COMP

00003 NUMERIC        01   W-AREA                         9(03)

00002 NUMERIC        01   W-GROUP                        9(02)

00004 NUMERIC        01   W-SERIAL                       9(04)

00008 ALPHANUMERIC   01   W-FAKRAND-PROG                 X(8)

00088 GROUP          01   W-FAKRAND-PARAMETER
00004 NUMERIC        05   FAKRAND-SEED-NO                9(09) COMP
00080 ALPHANUMERIC   05   FAKRAND-SEED-TEXT              X(80)
00004 NUMERIC        05   FAKRAND-RANDOM-NO              V9(09) COMP

00009 GROUP          01   FORMAT-EIN
00002 NUMERIC        05   FORMAT-EIN-PREFIX              9(2)
00007 NUMERIC        05   FORMAT-EIN-SEQUENCE            9(7)

00010 GROUP          01   FORMAT-EIN-HYPHEN
00002 NUMERIC        05   FORMAT-EIN-HYPHEN-PREFIX       9(2)
00001 ALPHANUMERIC   05   FILLER                         X
00007 NUMERIC        05   FORMAT-EIN-HYPHEN-SEQUENCE     9(7)

00168 GROUP          01   EIN-PREFIXES
00002 NUMERIC        05   EIN-PREFIX-CNT                 S9(4) COMP
00166 GROUP          05   EIN-PREFIX-OCCS
00002 NUMERIC        10   FILLER                         9(2)
00002 NUMERIC        10   FILLER                         9(2)
00002 NUMERIC        10   FILLER                         9(2)
00002 NUMERIC        10   FILLER                         9(2)
00002 NUMERIC        10   FILLER                         9(2)
00002 NUMERIC        10   FILLER                         9(2)
00002 NUMERIC        10   FILLER                         9(2)
00002 NUMERIC        10   FILLER                         9(2)
00002 NUMERIC        10   FILLER                         9(2)
00002 NUMERIC        10   FILLER                         9(2)
00002 NUMERIC        10   FILLER                         9(2)
00002 NUMERIC        10   FILLER                         9(2)
00002 NUMERIC        10   FILLER                         9(2)
00002 NUMERIC        10   FILLER                         9(2)
00002 NUMERIC        10   FILLER                         9(2)
00002 NUMERIC        10   FILLER                         9(2)
00002 NUMERIC        10   FILLER                         9(2)
00002 NUMERIC        10   FILLER                         9(2)
00002 NUMERIC        10   FILLER                         9(2)
00002 NUMERIC        10   FILLER                         9(2)
00002 NUMERIC        10   FILLER                         9(2)
00002 NUMERIC        10   FILLER                         9(2)
00002 NUMERIC        10   FILLER                         9(2)
00002 NUMERIC        10   FILLER                         9(2)
00002 NUMERIC        10   FILLER                         9(2)
GnuCOBOL 3.0-rc1.0      FAKTXID.cob                                                   Sun Feb 09 14:56:37 2020  Page 0026

SIZE  TYPE           LVL  NAME                           PICTURE

00002 NUMERIC        10   FILLER                         9(2)
00002 NUMERIC        10   FILLER                         9(2)
00002 NUMERIC        10   FILLER                         9(2)
00002 NUMERIC        10   FILLER                         9(2)
00002 NUMERIC        10   FILLER                         9(2)
00002 NUMERIC        10   FILLER                         9(2)
00002 NUMERIC        10   FILLER                         9(2)
00002 NUMERIC        10   FILLER                         9(2)
00002 NUMERIC        10   FILLER                         9(2)
00002 NUMERIC        10   FILLER                         9(2)
00002 NUMERIC        10   FILLER                         9(2)
00002 NUMERIC        10   FILLER                         9(2)
00002 NUMERIC        10   FILLER                         9(2)
00002 NUMERIC        10   FILLER                         9(2)
00002 NUMERIC        10   FILLER                         9(2)
00002 NUMERIC        10   FILLER                         9(2)
00002 NUMERIC        10   FILLER                         9(2)
00002 NUMERIC        10   FILLER                         9(2)
00002 NUMERIC        10   FILLER                         9(2)
00002 NUMERIC        10   FILLER                         9(2)
00002 NUMERIC        10   FILLER                         9(2)
00002 NUMERIC        10   FILLER                         9(2)
00002 NUMERIC        10   FILLER                         9(2)
00002 NUMERIC        10   FILLER                         9(2)
00002 NUMERIC        10   FILLER                         9(2)
00002 NUMERIC        10   FILLER                         9(2)
00002 NUMERIC        10   FILLER                         9(2)
00002 NUMERIC        10   FILLER                         9(2)
00002 NUMERIC        10   FILLER                         9(2)
00002 NUMERIC        10   FILLER                         9(2)
00002 NUMERIC        10   FILLER                         9(2)
00002 NUMERIC        10   FILLER                         9(2)
00002 NUMERIC        10   FILLER                         9(2)
00002 NUMERIC        10   FILLER                         9(2)
00002 NUMERIC        10   FILLER                         9(2)
00002 NUMERIC        10   FILLER                         9(2)
00002 NUMERIC        10   FILLER                         9(2)
00002 NUMERIC        10   FILLER                         9(2)
00002 NUMERIC        10   FILLER                         9(2)
00002 NUMERIC        10   FILLER                         9(2)
00002 NUMERIC        10   FILLER                         9(2)
00002 NUMERIC        10   FILLER                         9(2)
00002 NUMERIC        10   FILLER                         9(2)
00002 NUMERIC        10   FILLER                         9(2)
00002 NUMERIC        10   FILLER                         9(2)
00002 NUMERIC        10   FILLER                         9(2)
00002 NUMERIC        10   FILLER                         9(2)
00002 NUMERIC        10   FILLER                         9(2)
00002 NUMERIC        10   FILLER                         9(2)
00002 NUMERIC        10   FILLER                         9(2)
00002 NUMERIC        10   FILLER                         9(2)
00002 NUMERIC        10   FILLER                         9(2)
GnuCOBOL 3.0-rc1.0      FAKTXID.cob                                                   Sun Feb 09 14:56:37 2020  Page 0027

SIZE  TYPE           LVL  NAME                           PICTURE

00002 NUMERIC        10   FILLER                         9(2)
00002 NUMERIC        10   FILLER                         9(2)
00002 NUMERIC        10   FILLER                         9(2)
00002 NUMERIC        10   FILLER                         9(2)
00002 NUMERIC        10   FILLER                         9(2)
00002 NUMERIC        10   FILLER                         9(2)
00166 GROUP          05   FILLER, REDEFINES EIN-PREFIX-OCCS
00166 GROUP          10   FILLER                         OCCURS 83
00002 NUMERIC        15   EIN-PREFIX                     9(2)

00014 GROUP          01   EIN-SEQUENCE
00007 NUMERIC        05   EIN-SEQUENCE-MIN               9(7)
00007 NUMERIC        05   EIN-SEQUENCE-MAX               9(7)

00009 GROUP          01   FORMAT-ITIN
00003 NUMERIC        05   FORMAT-ITIN-AREA               9(3)
00002 NUMERIC        05   FORMAT-ITIN-GROUP              9(2)
00004 NUMERIC        05   FORMAT-ITIN-SERIAL             9(4)

00011 GROUP          01   FORMAT-ITIN-HYPHEN
00003 NUMERIC        05   FORMAT-ITIN-HYPHEN-AREA        9(3)
00001 ALPHANUMERIC   05   FILLER                         X
00002 NUMERIC        05   FORMAT-ITIN-HYPHEN-GROUP       9(2)
00001 ALPHANUMERIC   05   FILLER                         X
00004 NUMERIC        05   FORMAT-ITIN-HYPHEN-SERIAL      9(4)

00006 GROUP          01   ITIN-AREA
00003 NUMERIC        05   ITIN-AREA-MIN                  9(3)
00003 NUMERIC        05   ITIN-AREA-MAX                  9(3)

00058 GROUP          01   ITIN-GROUPS
00002 NUMERIC        05   ITIN-GROUP-CNT                 S9(4) COMP
00056 GROUP          05   ITIN-GROUP-OCCS
00002 NUMERIC        10   FILLER                         9(2)
00002 NUMERIC        10   FILLER                         9(2)
00002 NUMERIC        10   FILLER                         9(2)
00002 NUMERIC        10   FILLER                         9(2)
00002 NUMERIC        10   FILLER                         9(2)
00002 NUMERIC        10   FILLER                         9(2)
00002 NUMERIC        10   FILLER                         9(2)
00002 NUMERIC        10   FILLER                         9(2)
00002 NUMERIC        10   FILLER                         9(2)
00002 NUMERIC        10   FILLER                         9(2)
00002 NUMERIC        10   FILLER                         9(2)
00002 NUMERIC        10   FILLER                         9(2)
00002 NUMERIC        10   FILLER                         9(2)
00002 NUMERIC        10   FILLER                         9(2)
00002 NUMERIC        10   FILLER                         9(2)
00002 NUMERIC        10   FILLER                         9(2)
00002 NUMERIC        10   FILLER                         9(2)
00002 NUMERIC        10   FILLER                         9(2)
00002 NUMERIC        10   FILLER                         9(2)
GnuCOBOL 3.0-rc1.0      FAKTXID.cob                                                   Sun Feb 09 14:56:37 2020  Page 0028

SIZE  TYPE           LVL  NAME                           PICTURE

00002 NUMERIC        10   FILLER                         9(2)
00002 NUMERIC        10   FILLER                         9(2)
00002 NUMERIC        10   FILLER                         9(2)
00002 NUMERIC        10   FILLER                         9(2)
00002 NUMERIC        10   FILLER                         9(2)
00002 NUMERIC        10   FILLER                         9(2)
00002 NUMERIC        10   FILLER                         9(2)
00002 NUMERIC        10   FILLER                         9(2)
00002 NUMERIC        10   FILLER                         9(2)
00056 GROUP          05   FILLER, REDEFINES ITIN-GROUP-OCCS
00056 GROUP          10   FILLER                         OCCURS 28
00002 NUMERIC        15   ITIN-GROUP                     9(2)

00008 GROUP          01   ITIN-SERIAL
00004 NUMERIC        05   ITIN-SERIAL-MIN                9(4)
00004 NUMERIC        05   ITIN-SERIAL-MAX                9(4)

00009 GROUP          01   FORMAT-SSN
00003 NUMERIC        05   FORMAT-SSN-AREA                9(3)
00002 NUMERIC        05   FORMAT-SSN-GROUP               9(2)
00004 NUMERIC        05   FORMAT-SSN-SERIAL              9(4)

00011 GROUP          01   FORMAT-SSN-HYPHEN
00003 NUMERIC        05   FORMAT-SSN-HYPHEN-AREA         9(3)
00001 ALPHANUMERIC   05   FILLER                         X
00002 NUMERIC        05   FORMAT-SSN-HYPHEN-GROUP        9(2)
00001 ALPHANUMERIC   05   FILLER                         X
00004 NUMERIC        05   FORMAT-SSN-HYPHEN-SERIAL       9(4)

00009 GROUP          01   SSN-AREA
00003 NUMERIC        05   SSN-AREA-MIN                   9(3)
00003 NUMERIC        05   SSN-AREA-MAX                   9(3)
00003 NUMERIC        05   SSN-AREA-EXCL                  9(3)

00004 GROUP          01   SSN-GROUP
00002 NUMERIC        05   SSN-GROUP-MIN                  9(2)
00002 NUMERIC        05   SSN-GROUP-MAX                  9(2)

00008 GROUP          01   SSN-SERIAL
00004 NUMERIC        05   SSN-SERIAL-MIN                 9(4)
00004 NUMERIC        05   SSN-SERIAL-MAX                 9(4)

      LINKAGE SECTION

01160 GROUP          01   L-PARAMETER
00030 ALPHANUMERIC   05   FAKER-PROVIDER-FUNCTION        X(30)
      CONDITIONAL    88   ADDRESS-ADDRESS
      CONDITIONAL    88   ADDRESS-BUILDING-NO
      CONDITIONAL    88   ADDRESS-CITY
      CONDITIONAL    88   ADDRESS-CITY-PREFIX
      CONDITIONAL    88   ADDRESS-CITY-SUFFIX
      CONDITIONAL    88   ADDRESS-MILITARY-APO
GnuCOBOL 3.0-rc1.0      FAKTXID.cob                                                   Sun Feb 09 14:56:37 2020  Page 0029

SIZE  TYPE           LVL  NAME                           PICTURE

      CONDITIONAL    88   ADDRESS-MILITARY-DPO
      CONDITIONAL    88   ADDRESS-MILITARY-SHIP-PREFIX
      CONDITIONAL    88   ADDRESS-MILITARY-STATE-ABBR
      CONDITIONAL    88   ADDRESS-POSTCODE
      CONDITIONAL    88   ADDRESS-SECONDARY-ADDRESS
      CONDITIONAL    88   ADDRESS-STATE
      CONDITIONAL    88   ADDRESS-STATE-ABBR
      CONDITIONAL    88   ADDRESS-STATE-POSTCODE
      CONDITIONAL    88   ADDRESS-STREET-ADDRESS
      CONDITIONAL    88   ADDRESS-STREET-NAME
      CONDITIONAL    88   ADDRESS-STREET-SUFFIX
      CONDITIONAL    88   ADDRESS-TERRITORY-ABBR
      CONDITIONAL    88   COMPANY-COMPANY
      CONDITIONAL    88   COMPANY-SUFFIX
      CONDITIONAL    88   PERSON-FIRST-NAME
      CONDITIONAL    88   PERSON-FIRST-NAME-MALE
      CONDITIONAL    88   PERSON-FIRST-NAME-FEMALE
      CONDITIONAL    88   PERSON-LAST-NAME
      CONDITIONAL    88   PERSON-LAST-NAME-MALE
      CONDITIONAL    88   PERSON-LAST-NAME-FEMALE
      CONDITIONAL    88   PERSON-NAME
      CONDITIONAL    88   PERSON-NAME-MALE
      CONDITIONAL    88   PERSON-NAME-FEMALE
      CONDITIONAL    88   PERSON-PREFIX
      CONDITIONAL    88   PERSON-PREFIX-MALE
      CONDITIONAL    88   PERSON-PREFIX-FEMALE
      CONDITIONAL    88   PERSON-SUFFIX
      CONDITIONAL    88   PERSON-SUFFIX-MALE
      CONDITIONAL    88   PERSON-SUFFIX-FEMALE
      CONDITIONAL    88   TAXID-EIN
      CONDITIONAL    88   TAXID-EIN-HYPHEN
      CONDITIONAL    88   TAXID-ITIN
      CONDITIONAL    88   TAXID-ITIN-HYPHEN
      CONDITIONAL    88   TAXID-SSN
      CONDITIONAL    88   TAXID-SSN-HYPHEN
00004 NUMERIC        05   FAKER-SEED-NO                  9(9) COMP
00080 ALPHANUMERIC   05   FAKER-SEED-TEXT                X(80)
00004 NUMERIC        05   FAKER-RESPONSE-CODE            9(4)
      CONDITIONAL    88   FAKER-RESPONSE-GOOD
      CONDITIONAL    88   FAKER-UNKNOWN-PROVIDER
      CONDITIONAL    88   FAKER-UNKNOWN-FUNCTION
      CONDITIONAL    88   FAKER-UNKNOWN-FORMAT
00080 ALPHANUMERIC   05   FAKER-RESPONSE-MSG             X(80)
00080 ALPHANUMERIC   05   FAKER-RESULT                   X(80)
00080 ALPHANUMERIC   05   FAKER-RESULT-FIELDS            X(80)
00080 GROUP          05   FAKER-ADDRESS, REDEFINES FAKER-RESULT-FIELDS
00035 ALPHANUMERIC   10   FAKER-ADDRESS-STREET           X(35)
00025 ALPHANUMERIC   10   FAKER-ADDRESS-CITY             X(25)
00010 ALPHANUMERIC   10   FAKER-ADDRESS-STATE            X(10)
00010 ALPHANUMERIC   10   FAKER-ADDRESS-POSTCODE         X(10)
00080 GROUP          05   FAKER-PERSON, REDEFINES FAKER-RESULT-FIELDS
00010 ALPHANUMERIC   10   FAKER-PERSON-PREFIX            X(10)
GnuCOBOL 3.0-rc1.0      FAKTXID.cob                                                   Sun Feb 09 14:56:37 2020  Page 0030

SIZE  TYPE           LVL  NAME                           PICTURE

00025 ALPHANUMERIC   10   FAKER-PERSON-FIRST-NAME        X(25)
00035 ALPHANUMERIC   10   FAKER-PERSON-LAST-NAME         X(35)
00010 ALPHANUMERIC   10   FAKER-PERSON-SUFFIX            X(10)
00002 NUMERIC        05   FAKER-INFO-CNT                 S9(4) COMP
00800 GROUP          05   FAKER-INFO-OCCS
00800 GROUP          10   FAKER-INFO                     OCCURS 20
00030 ALPHANUMERIC   15   FAKER-TABLE                    X(30)
00008 NUMERIC        15   FAKER-RANDOM-NO-SUB            S9(4)V9(9) COMP
00002 NUMERIC        15   FAKER-TABLE-ENTRY              S9(4) COMP


GnuCOBOL 3.0-rc1.0      FAKTXID.cob                                                   Sun Feb 09 14:56:37 2020  Page 0031

Error/Warning summary:

FAKTXID.cob:151: warning: ignoring redundant .

1 warning in compilation group
0 errors in compilation group
